2026-03-30 08:54:48.233 [JavaFX Application Thread] DEBUG Servicios.ServicioBase - EntityManager abierto para lectura
2026-03-30 08:54:48.242 [JavaFX Application Thread] DEBUG Servicios.ServicioBase - EntityManager abierto para lectura
2026-03-30 08:54:48.345 [JavaFX Application Thread] DEBUG Servicios.ServicioBase - EntityManager cerrado
2026-03-30 08:54:48.346 [JavaFX Application Thread] DEBUG Servicios.ServicioBase - EntityManager cerrado
2026-03-30 08:54:49.001 [JavaFX Application Thread] DEBUG Servicios.ServicioBase - EntityManager abierto para lectura
2026-03-30 08:54:49.051 [JavaFX Application Thread] DEBUG Servicios.ServicioBase - EntityManager cerrado
2026-03-30 08:54:49.055 [JavaFX Application Thread] DEBUG Servicios.ServicioBase - EntityManager abierto para lectura
2026-03-30 08:54:49.084 [JavaFX Application Thread] DEBUG Servicios.ServicioBase - EntityManager abierto para lectura
2026-03-30 08:54:49.117 [JavaFX Application Thread] DEBUG Servicios.ServicioBase - EntityManager cerrado
2026-03-30 08:54:49.117 [JavaFX Application Thread] DEBUG Servicios.ServicioBase - EntityManager cerrado
2026-03-30 08:54:49.117 [JavaFX Application Thread] DEBUG Servicios.ServicioGenerico - Buscando Puesto por ID: 1
2026-03-30 08:54:49.119 [JavaFX Application Thread] DEBUG Servicios.ServicioBase - EntityManager abierto para lectura
2026-03-30 08:54:49.140 [JavaFX Application Thread] DEBUG Servicios.ServicioGenerico - Puesto encontrado con ID: 1
2026-03-30 08:54:49.141 [JavaFX Application Thread] DEBUG Servicios.ServicioBase - EntityManager cerrado
2026-03-30 08:54:49.141 [JavaFX Application Thread] DEBUG Servicios.ServicioGenerico - Buscando todos los registros de Empresa
2026-03-30 08:54:49.141 [JavaFX Application Thread] DEBUG Servicios.ServicioBase - EntityManager abierto para lectura
2026-03-30 08:54:49.249 [JavaFX Application Thread] DEBUG Servicios.ServicioGenerico - Se encontraron 5 registros de Empresa
2026-03-30 08:54:49.250 [JavaFX Application Thread] DEBUG Servicios.ServicioBase - EntityManager cerrado
2026-03-30 08:54:49.251 [JavaFX Application Thread] DEBUG Servicios.ServicioBase - EntityManager abierto para lectura
2026-03-30 08:54:49.299 [JavaFX Application Thread] DEBUG Servicios.ServicioBase - EntityManager cerrado
2026-03-30 08:54:49.899 [JavaFX Application Thread] DEBUG Servicios.ServicioBase - EntityManager abierto para lectura
2026-03-30 08:54:49.927 [JavaFX Application Thread] DEBUG Servicios.ServicioBase - EntityManager cerrado
2026-03-30 08:54:50.745 [JavaFX Application Thread] DEBUG Servicios.ServicioBase - EntityManager abierto para lectura
2026-03-30 08:54:50.794 [JavaFX Application Thread] DEBUG Servicios.ServicioBase - EntityManager cerrado
2026-03-30 08:54:50.795 [JavaFX Application Thread] DEBUG Servicios.ServicioBase - EntityManager abierto para lectura
2026-03-30 08:54:50.907 [JavaFX Application Thread] DEBUG Servicios.ServicioBase - EntityManager abierto para lectura
2026-03-30 08:54:50.941 [JavaFX Application Thread] DEBUG Servicios.ServicioBase - EntityManager cerrado
2026-03-30 08:54:50.941 [JavaFX Application Thread] DEBUG Servicios.ServicioBase - EntityManager cerrado
2026-03-30 08:54:50.941 [JavaFX Application Thread] DEBUG Servicios.ServicioGenerico - Buscando Puesto por ID: 1
2026-03-30 08:54:50.941 [JavaFX Application Thread] DEBUG Servicios.ServicioBase - EntityManager abierto para lectura
2026-03-30 08:54:50.966 [JavaFX Application Thread] DEBUG Servicios.ServicioGenerico - Puesto encontrado con ID: 1
2026-03-30 08:54:50.966 [JavaFX Application Thread] DEBUG Servicios.ServicioBase - EntityManager cerrado
2026-03-30 08:54:50.967 [JavaFX Application Thread] DEBUG Servicios.ServicioGenerico - Buscando todos los registros de Empresa
2026-03-30 08:54:50.967 [JavaFX Application Thread] DEBUG Servicios.ServicioBase - EntityManager abierto para lectura
2026-03-30 08:54:51.109 [JavaFX Application Thread] DEBUG Servicios.ServicioGenerico - Se encontraron 5 registros de Empresa
2026-03-30 08:54:51.109 [JavaFX Application Thread] DEBUG Servicios.ServicioBase - EntityManager cerrado
2026-03-30 08:54:51.109 [JavaFX Application Thread] DEBUG Servicios.ServicioBase - EntityManager abierto para lectura
2026-03-30 08:54:51.169 [JavaFX Application Thread] DEBUG Servicios.ServicioBase - EntityManager cerrado
2026-03-30 09:36:18.743 [JavaFX Application Thread] DEBUG Servicios.ServicioBase - EntityManager abierto para lectura
2026-03-30 09:36:18.870 [JavaFX Application Thread] DEBUG Servicios.ServicioBase - EntityManager cerrado
2026-03-30 09:36:20.828 [JavaFX Application Thread] DEBUG Servicios.ServicioBase - EntityManager abierto para lectura
2026-03-30 09:36:20.875 [JavaFX Application Thread] DEBUG Servicios.ServicioBase - EntityManager cerrado
2026-03-30 09:36:20.875 [JavaFX Application Thread] DEBUG Servicios.ServicioBase - EntityManager abierto para lectura
2026-03-30 09:36:20.890 [JavaFX Application Thread] DEBUG Servicios.ServicioBase - EntityManager abierto para lectura
2026-03-30 09:36:20.914 [JavaFX Application Thread] DEBUG Servicios.ServicioBase - EntityManager cerrado
2026-03-30 09:36:20.914 [JavaFX Application Thread] DEBUG Servicios.ServicioBase - EntityManager cerrado
2026-03-30 09:36:20.914 [JavaFX Application Thread] DEBUG Servicios.ServicioGenerico - Buscando Puesto por ID: 1
2026-03-30 09:36:20.916 [JavaFX Application Thread] DEBUG Servicios.ServicioBase - EntityManager abierto para lectura
2026-03-30 09:36:20.929 [JavaFX Application Thread] DEBUG Servicios.ServicioGenerico - Puesto encontrado con ID: 1
2026-03-30 09:36:20.929 [JavaFX Application Thread] DEBUG Servicios.ServicioBase - EntityManager cerrado
2026-03-30 09:36:20.929 [JavaFX Application Thread] DEBUG Servicios.ServicioGenerico - Buscando todos los registros de Empresa
2026-03-30 09:36:20.929 [JavaFX Application Thread] DEBUG Servicios.ServicioBase - EntityManager abierto para lectura
2026-03-30 09:36:20.999 [JavaFX Application Thread] DEBUG Servicios.ServicioGenerico - Se encontraron 5 registros de Empresa
2026-03-30 09:36:20.999 [JavaFX Application Thread] DEBUG Servicios.ServicioBase - EntityManager cerrado
2026-03-30 09:36:21.000 [JavaFX Application Thread] DEBUG Servicios.ServicioBase - EntityManager abierto para lectura
2026-03-30 09:36:21.037 [JavaFX Application Thread] DEBUG Servicios.ServicioBase - EntityManager cerrado
