2026-03-25 12:12:20.513 [JavaFX Application Thread] DEBUG Servicios.ServicioBase                   - EntityManager abierto para lectura
2026-03-25 12:12:20.513 [JavaFX Application Thread] DEBUG Servicios.ServicioBase                   - EntityManager abierto para lectura
2026-03-25 12:12:20.613 [JavaFX Application Thread] DEBUG Servicios.ServicioBase                   - EntityManager cerrado
2026-03-25 12:12:20.613 [JavaFX Application Thread] DEBUG Servicios.ServicioBase                   - EntityManager cerrado
2026-03-25 12:12:21.948 [JavaFX Application Thread] DEBUG Servicios.ServicioBase                   - EntityManager abierto para lectura
2026-03-25 12:12:21.948 [JavaFX Application Thread] DEBUG Servicios.ServicioBase                   - EntityManager abierto para lectura
2026-03-25 12:12:21.980 [JavaFX Application Thread] DEBUG Servicios.ServicioBase                   - EntityManager cerrado
2026-03-25 12:12:21.980 [JavaFX Application Thread] DEBUG Servicios.ServicioBase                   - EntityManager cerrado
2026-03-25 12:12:21.981 [JavaFX Application Thread] DEBUG Servicios.ServicioGenerico               - Buscando todos los registros de Empresa
2026-03-25 12:12:21.981 [JavaFX Application Thread] DEBUG Servicios.ServicioGenerico               - Buscando todos los registros de Empresa
2026-03-25 12:12:21.984 [JavaFX Application Thread] DEBUG Servicios.ServicioBase                   - EntityManager abierto para lectura
2026-03-25 12:12:21.984 [JavaFX Application Thread] DEBUG Servicios.ServicioBase                   - EntityManager abierto para lectura
2026-03-25 12:12:22.035 [JavaFX Application Thread] DEBUG Servicios.ServicioGenerico               - Se encontraron 5 registros de Empresa
2026-03-25 12:12:22.035 [JavaFX Application Thread] DEBUG Servicios.ServicioGenerico               - Se encontraron 5 registros de Empresa
2026-03-25 12:12:22.036 [JavaFX Application Thread] DEBUG Servicios.ServicioBase                   - EntityManager cerrado
2026-03-25 12:12:22.036 [JavaFX Application Thread] DEBUG Servicios.ServicioBase                   - EntityManager cerrado
2026-03-25 12:12:22.037 [JavaFX Application Thread] DEBUG Servicios.ServicioBase                   - EntityManager abierto para lectura
2026-03-25 12:12:22.037 [JavaFX Application Thread] DEBUG Servicios.ServicioBase                   - EntityManager abierto para lectura
2026-03-25 12:12:22.078 [JavaFX Application Thread] DEBUG Servicios.ServicioBase                   - EntityManager cerrado
2026-03-25 12:12:22.078 [JavaFX Application Thread] DEBUG Servicios.ServicioBase                   - EntityManager cerrado
2026-03-25 12:12:30.684 [JavaFX Application Thread] DEBUG Servicios.ServicioBase                   - EntityManager abierto para lectura
2026-03-25 12:12:30.684 [JavaFX Application Thread] DEBUG Servicios.ServicioBase                   - EntityManager abierto para lectura
2026-03-25 12:12:30.692 [JavaFX Application Thread] DEBUG Servicios.ServicioBase                   - EntityManager cerrado
2026-03-25 12:12:30.692 [JavaFX Application Thread] DEBUG Servicios.ServicioBase                   - EntityManager cerrado
2026-03-25 12:12:33.804 [JavaFX Application Thread] DEBUG Servicios.ServicioBase                   - EntityManager abierto para lectura
2026-03-25 12:12:33.804 [JavaFX Application Thread] DEBUG Servicios.ServicioBase                   - EntityManager abierto para lectura
2026-03-25 12:12:33.824 [JavaFX Application Thread] DEBUG Servicios.ServicioBase                   - EntityManager cerrado
2026-03-25 12:12:33.824 [JavaFX Application Thread] DEBUG Servicios.ServicioBase                   - EntityManager cerrado
2026-03-25 12:12:35.768 [JavaFX Application Thread] DEBUG Servicios.ServicioBase                   - Transacción iniciada con nuevo EntityManager
2026-03-25 12:12:35.768 [JavaFX Application Thread] DEBUG Servicios.ServicioBase                   - Transacción iniciada con nuevo EntityManager
2026-03-25 12:12:35.876 [JavaFX Application Thread] DEBUG Servicios.ServicioBase                   - Transacción completada exitosamente
2026-03-25 12:12:35.876 [JavaFX Application Thread] DEBUG Servicios.ServicioBase                   - Transacción completada exitosamente
2026-03-25 12:12:35.876 [JavaFX Application Thread] DEBUG Servicios.ServicioBase                   - EntityManager cerrado
2026-03-25 12:12:35.876 [JavaFX Application Thread] DEBUG Servicios.ServicioBase                   - EntityManager cerrado
2026-03-25 12:12:35.877 [JavaFX Application Thread] DEBUG Servicios.ServicioBase                   - EntityManager abierto para lectura
2026-03-25 12:12:35.877 [JavaFX Application Thread] DEBUG Servicios.ServicioBase                   - EntityManager abierto para lectura
2026-03-25 12:12:35.891 [JavaFX Application Thread] DEBUG Servicios.ServicioBase                   - EntityManager cerrado
2026-03-25 12:12:35.891 [JavaFX Application Thread] DEBUG Servicios.ServicioBase                   - EntityManager cerrado
2026-03-25 12:12:35.892 [JavaFX Application Thread] DEBUG Servicios.ServicioBase                   - EntityManager abierto para lectura
2026-03-25 12:12:35.892 [JavaFX Application Thread] DEBUG Servicios.ServicioBase                   - EntityManager abierto para lectura
2026-03-25 12:12:35.903 [JavaFX Application Thread] DEBUG Servicios.ServicioBase                   - EntityManager cerrado
2026-03-25 12:12:35.903 [JavaFX Application Thread] DEBUG Servicios.ServicioBase                   - EntityManager cerrado
2026-03-25 12:12:35.905 [JavaFX Application Thread] DEBUG Servicios.ServicioBase                   - EntityManager abierto para lectura
2026-03-25 12:12:35.905 [JavaFX Application Thread] DEBUG Servicios.ServicioBase                   - EntityManager abierto para lectura
2026-03-25 12:12:35.912 [JavaFX Application Thread] DEBUG Servicios.ServicioBase                   - EntityManager abierto para lectura
2026-03-25 12:12:35.912 [JavaFX Application Thread] DEBUG Servicios.ServicioBase                   - EntityManager abierto para lectura
2026-03-25 12:12:35.921 [JavaFX Application Thread] DEBUG Servicios.ServicioBase                   - EntityManager cerrado
2026-03-25 12:12:35.921 [JavaFX Application Thread] DEBUG Servicios.ServicioBase                   - EntityManager cerrado
2026-03-25 12:12:35.922 [JavaFX Application Thread] DEBUG Servicios.ServicioBase                   - EntityManager cerrado
2026-03-25 12:12:35.922 [JavaFX Application Thread] DEBUG Servicios.ServicioBase                   - EntityManager cerrado
2026-03-25 12:12:35.922 [JavaFX Application Thread] DEBUG Servicios.ServicioGenerico               - Buscando Puesto por ID: 2
2026-03-25 12:12:35.922 [JavaFX Application Thread] DEBUG Servicios.ServicioGenerico               - Buscando Puesto por ID: 2
2026-03-25 12:12:35.922 [JavaFX Application Thread] DEBUG Servicios.ServicioBase                   - EntityManager abierto para lectura
2026-03-25 12:12:35.922 [JavaFX Application Thread] DEBUG Servicios.ServicioBase                   - EntityManager abierto para lectura
2026-03-25 12:12:35.928 [JavaFX Application Thread] DEBUG Servicios.ServicioGenerico               - Puesto encontrado con ID: 2
2026-03-25 12:12:35.928 [JavaFX Application Thread] DEBUG Servicios.ServicioGenerico               - Puesto encontrado con ID: 2
2026-03-25 12:12:35.928 [JavaFX Application Thread] DEBUG Servicios.ServicioBase                   - EntityManager cerrado
2026-03-25 12:12:35.928 [JavaFX Application Thread] DEBUG Servicios.ServicioBase                   - EntityManager cerrado
2026-03-25 12:12:35.929 [JavaFX Application Thread] DEBUG Servicios.ServicioGenerico               - Buscando todos los registros de Empresa
2026-03-25 12:12:35.929 [JavaFX Application Thread] DEBUG Servicios.ServicioGenerico               - Buscando todos los registros de Empresa
2026-03-25 12:12:35.929 [JavaFX Application Thread] DEBUG Servicios.ServicioBase                   - EntityManager abierto para lectura
2026-03-25 12:12:35.929 [JavaFX Application Thread] DEBUG Servicios.ServicioBase                   - EntityManager abierto para lectura
2026-03-25 12:12:35.947 [JavaFX Application Thread] DEBUG Servicios.ServicioGenerico               - Se encontraron 5 registros de Empresa
2026-03-25 12:12:35.947 [JavaFX Application Thread] DEBUG Servicios.ServicioGenerico               - Se encontraron 5 registros de Empresa
2026-03-25 12:12:35.948 [JavaFX Application Thread] DEBUG Servicios.ServicioBase                   - EntityManager cerrado
2026-03-25 12:12:35.948 [JavaFX Application Thread] DEBUG Servicios.ServicioBase                   - EntityManager cerrado
2026-03-25 12:12:35.956 [JavaFX Application Thread] DEBUG Servicios.ServicioBase                   - EntityManager abierto para lectura
2026-03-25 12:12:35.956 [JavaFX Application Thread] DEBUG Servicios.ServicioBase                   - EntityManager abierto para lectura
2026-03-25 12:12:35.970 [JavaFX Application Thread] DEBUG Servicios.ServicioBase                   - EntityManager cerrado
2026-03-25 12:12:35.970 [JavaFX Application Thread] DEBUG Servicios.ServicioBase                   - EntityManager cerrado
2026-03-25 12:12:35.971 [JavaFX Application Thread] DEBUG Servicios.ServicioBase                   - EntityManager abierto para lectura
2026-03-25 12:12:35.971 [JavaFX Application Thread] DEBUG Servicios.ServicioBase                   - EntityManager abierto para lectura
2026-03-25 12:12:35.984 [JavaFX Application Thread] DEBUG Servicios.ServicioBase                   - EntityManager cerrado
2026-03-25 12:12:35.984 [JavaFX Application Thread] DEBUG Servicios.ServicioBase                   - EntityManager cerrado
2026-03-25 12:13:25.864 [JavaFX Application Thread] DEBUG Servicios.ServicioBase                   - EntityManager abierto para lectura
2026-03-25 12:13:25.864 [JavaFX Application Thread] DEBUG Servicios.ServicioBase                   - EntityManager abierto para lectura
2026-03-25 12:13:25.872 [JavaFX Application Thread] DEBUG Servicios.ServicioBase                   - EntityManager cerrado
2026-03-25 12:13:25.872 [JavaFX Application Thread] DEBUG Servicios.ServicioBase                   - EntityManager cerrado
2026-03-25 12:13:29.620 [JavaFX Application Thread] DEBUG Servicios.ServicioBase                   - EntityManager abierto para lectura
2026-03-25 12:13:29.620 [JavaFX Application Thread] DEBUG Servicios.ServicioBase                   - EntityManager abierto para lectura
2026-03-25 12:13:29.628 [JavaFX Application Thread] DEBUG Servicios.ServicioBase                   - EntityManager cerrado
2026-03-25 12:13:29.628 [JavaFX Application Thread] DEBUG Servicios.ServicioBase                   - EntityManager cerrado
2026-03-25 12:13:31.502 [JavaFX Application Thread] DEBUG Servicios.ServicioBase                   - EntityManager abierto para lectura
2026-03-25 12:13:31.502 [JavaFX Application Thread] DEBUG Servicios.ServicioBase                   - EntityManager abierto para lectura
2026-03-25 12:13:31.511 [JavaFX Application Thread] DEBUG Servicios.ServicioBase                   - EntityManager cerrado
2026-03-25 12:13:31.511 [JavaFX Application Thread] DEBUG Servicios.ServicioBase                   - EntityManager cerrado
2026-03-25 12:13:33.516 [JavaFX Application Thread] DEBUG Servicios.ServicioBase                   - Transacción iniciada con nuevo EntityManager
2026-03-25 12:13:33.516 [JavaFX Application Thread] DEBUG Servicios.ServicioBase                   - Transacción iniciada con nuevo EntityManager
2026-03-25 12:13:33.557 [JavaFX Application Thread] DEBUG Servicios.ServicioBase                   - Transacción completada exitosamente
2026-03-25 12:13:33.557 [JavaFX Application Thread] DEBUG Servicios.ServicioBase                   - Transacción completada exitosamente
2026-03-25 12:13:33.557 [JavaFX Application Thread] DEBUG Servicios.ServicioBase                   - EntityManager cerrado
2026-03-25 12:13:33.557 [JavaFX Application Thread] DEBUG Servicios.ServicioBase                   - EntityManager cerrado
2026-03-25 12:13:33.559 [JavaFX Application Thread] DEBUG Servicios.ServicioBase                   - EntityManager abierto para lectura
2026-03-25 12:13:33.559 [JavaFX Application Thread] DEBUG Servicios.ServicioBase                   - EntityManager abierto para lectura
2026-03-25 12:13:33.572 [JavaFX Application Thread] DEBUG Servicios.ServicioBase                   - EntityManager cerrado
2026-03-25 12:13:33.572 [JavaFX Application Thread] DEBUG Servicios.ServicioBase                   - EntityManager cerrado
2026-03-25 12:13:33.572 [JavaFX Application Thread] DEBUG Servicios.ServicioBase                   - EntityManager abierto para lectura
2026-03-25 12:13:33.572 [JavaFX Application Thread] DEBUG Servicios.ServicioBase                   - EntityManager abierto para lectura
2026-03-25 12:13:33.586 [JavaFX Application Thread] DEBUG Servicios.ServicioBase                   - EntityManager cerrado
2026-03-25 12:13:33.586 [JavaFX Application Thread] DEBUG Servicios.ServicioBase                   - EntityManager cerrado
2026-03-25 12:13:33.586 [JavaFX Application Thread] DEBUG Servicios.ServicioBase                   - EntityManager abierto para lectura
2026-03-25 12:13:33.586 [JavaFX Application Thread] DEBUG Servicios.ServicioBase                   - EntityManager abierto para lectura
2026-03-25 12:13:33.602 [JavaFX Application Thread] DEBUG Servicios.ServicioBase                   - EntityManager cerrado
2026-03-25 12:13:33.602 [JavaFX Application Thread] DEBUG Servicios.ServicioBase                   - EntityManager cerrado
2026-03-25 12:13:33.602 [JavaFX Application Thread] DEBUG Servicios.ServicioBase                   - EntityManager abierto para lectura
2026-03-25 12:13:33.602 [JavaFX Application Thread] DEBUG Servicios.ServicioBase                   - EntityManager abierto para lectura
2026-03-25 12:13:33.609 [JavaFX Application Thread] DEBUG Servicios.ServicioBase                   - EntityManager abierto para lectura
2026-03-25 12:13:33.609 [JavaFX Application Thread] DEBUG Servicios.ServicioBase                   - EntityManager abierto para lectura
2026-03-25 12:13:33.614 [JavaFX Application Thread] DEBUG Servicios.ServicioBase                   - EntityManager cerrado
2026-03-25 12:13:33.614 [JavaFX Application Thread] DEBUG Servicios.ServicioBase                   - EntityManager cerrado
2026-03-25 12:13:33.614 [JavaFX Application Thread] DEBUG Servicios.ServicioBase                   - EntityManager cerrado
2026-03-25 12:13:33.614 [JavaFX Application Thread] DEBUG Servicios.ServicioBase                   - EntityManager cerrado
2026-03-25 12:13:33.615 [JavaFX Application Thread] DEBUG Servicios.ServicioGenerico               - Buscando Puesto por ID: 2
2026-03-25 12:13:33.615 [JavaFX Application Thread] DEBUG Servicios.ServicioGenerico               - Buscando Puesto por ID: 2
2026-03-25 12:13:33.615 [JavaFX Application Thread] DEBUG Servicios.ServicioBase                   - EntityManager abierto para lectura
2026-03-25 12:13:33.615 [JavaFX Application Thread] DEBUG Servicios.ServicioBase                   - EntityManager abierto para lectura
2026-03-25 12:13:33.620 [JavaFX Application Thread] DEBUG Servicios.ServicioGenerico               - Puesto encontrado con ID: 2
2026-03-25 12:13:33.620 [JavaFX Application Thread] DEBUG Servicios.ServicioGenerico               - Puesto encontrado con ID: 2
2026-03-25 12:13:33.621 [JavaFX Application Thread] DEBUG Servicios.ServicioBase                   - EntityManager cerrado
2026-03-25 12:13:33.621 [JavaFX Application Thread] DEBUG Servicios.ServicioBase                   - EntityManager cerrado
2026-03-25 12:13:33.621 [JavaFX Application Thread] DEBUG Servicios.ServicioBase                   - EntityManager abierto para lectura
2026-03-25 12:13:33.621 [JavaFX Application Thread] DEBUG Servicios.ServicioBase                   - EntityManager abierto para lectura
2026-03-25 12:13:33.627 [JavaFX Application Thread] DEBUG Servicios.ServicioBase                   - EntityManager abierto para lectura
2026-03-25 12:13:33.627 [JavaFX Application Thread] DEBUG Servicios.ServicioBase                   - EntityManager abierto para lectura
2026-03-25 12:13:33.632 [JavaFX Application Thread] DEBUG Servicios.ServicioBase                   - EntityManager cerrado
2026-03-25 12:13:33.632 [JavaFX Application Thread] DEBUG Servicios.ServicioBase                   - EntityManager cerrado
2026-03-25 12:13:33.632 [JavaFX Application Thread] DEBUG Servicios.ServicioBase                   - EntityManager cerrado
2026-03-25 12:13:33.632 [JavaFX Application Thread] DEBUG Servicios.ServicioBase                   - EntityManager cerrado
2026-03-25 12:13:33.632 [JavaFX Application Thread] DEBUG Servicios.ServicioGenerico               - Buscando Puesto por ID: 5
2026-03-25 12:13:33.632 [JavaFX Application Thread] DEBUG Servicios.ServicioGenerico               - Buscando Puesto por ID: 5
2026-03-25 12:13:33.632 [JavaFX Application Thread] DEBUG Servicios.ServicioBase                   - EntityManager abierto para lectura
2026-03-25 12:13:33.632 [JavaFX Application Thread] DEBUG Servicios.ServicioBase                   - EntityManager abierto para lectura
2026-03-25 12:13:33.638 [JavaFX Application Thread] DEBUG Servicios.ServicioGenerico               - Puesto encontrado con ID: 5
2026-03-25 12:13:33.638 [JavaFX Application Thread] DEBUG Servicios.ServicioGenerico               - Puesto encontrado con ID: 5
2026-03-25 12:13:33.638 [JavaFX Application Thread] DEBUG Servicios.ServicioBase                   - EntityManager cerrado
2026-03-25 12:13:33.638 [JavaFX Application Thread] DEBUG Servicios.ServicioBase                   - EntityManager cerrado
2026-03-25 12:13:33.639 [JavaFX Application Thread] DEBUG Servicios.ServicioGenerico               - Buscando todos los registros de Empresa
2026-03-25 12:13:33.639 [JavaFX Application Thread] DEBUG Servicios.ServicioGenerico               - Buscando todos los registros de Empresa
2026-03-25 12:13:33.641 [JavaFX Application Thread] DEBUG Servicios.ServicioBase                   - EntityManager abierto para lectura
2026-03-25 12:13:33.641 [JavaFX Application Thread] DEBUG Servicios.ServicioBase                   - EntityManager abierto para lectura
2026-03-25 12:13:33.662 [JavaFX Application Thread] DEBUG Servicios.ServicioGenerico               - Se encontraron 5 registros de Empresa
2026-03-25 12:13:33.662 [JavaFX Application Thread] DEBUG Servicios.ServicioGenerico               - Se encontraron 5 registros de Empresa
2026-03-25 12:13:33.662 [JavaFX Application Thread] DEBUG Servicios.ServicioBase                   - EntityManager cerrado
2026-03-25 12:13:33.662 [JavaFX Application Thread] DEBUG Servicios.ServicioBase                   - EntityManager cerrado
2026-03-25 12:13:33.666 [JavaFX Application Thread] DEBUG Servicios.ServicioBase                   - EntityManager abierto para lectura
2026-03-25 12:13:33.666 [JavaFX Application Thread] DEBUG Servicios.ServicioBase                   - EntityManager abierto para lectura
2026-03-25 12:13:33.678 [JavaFX Application Thread] DEBUG Servicios.ServicioBase                   - EntityManager cerrado
2026-03-25 12:13:33.678 [JavaFX Application Thread] DEBUG Servicios.ServicioBase                   - EntityManager cerrado
2026-03-25 12:13:33.678 [JavaFX Application Thread] DEBUG Servicios.ServicioBase                   - EntityManager abierto para lectura
2026-03-25 12:13:33.678 [JavaFX Application Thread] DEBUG Servicios.ServicioBase                   - EntityManager abierto para lectura
2026-03-25 12:13:33.689 [JavaFX Application Thread] DEBUG Servicios.ServicioBase                   - EntityManager cerrado
2026-03-25 12:13:33.689 [JavaFX Application Thread] DEBUG Servicios.ServicioBase                   - EntityManager cerrado
2026-03-25 12:13:49.647 [JavaFX Application Thread] DEBUG Servicios.ServicioBase                   - EntityManager abierto para lectura
2026-03-25 12:13:49.647 [JavaFX Application Thread] DEBUG Servicios.ServicioBase                   - EntityManager abierto para lectura
2026-03-25 12:13:49.651 [JavaFX Application Thread] DEBUG Servicios.ServicioBase                   - EntityManager cerrado
2026-03-25 12:13:49.651 [JavaFX Application Thread] DEBUG Servicios.ServicioBase                   - EntityManager cerrado
2026-03-25 12:13:51.468 [JavaFX Application Thread] DEBUG Servicios.ServicioGenerico               - Buscando todos los registros de Modelo
2026-03-25 12:13:51.468 [JavaFX Application Thread] DEBUG Servicios.ServicioGenerico               - Buscando todos los registros de Modelo
2026-03-25 12:13:51.469 [JavaFX Application Thread] DEBUG Servicios.ServicioBase                   - EntityManager abierto para lectura
2026-03-25 12:13:51.469 [JavaFX Application Thread] DEBUG Servicios.ServicioBase                   - EntityManager abierto para lectura
2026-03-25 12:13:51.474 [JavaFX Application Thread] DEBUG Servicios.ServicioGenerico               - Se encontraron 5 registros de Modelo
2026-03-25 12:13:51.474 [JavaFX Application Thread] DEBUG Servicios.ServicioGenerico               - Se encontraron 5 registros de Modelo
2026-03-25 12:13:51.474 [JavaFX Application Thread] DEBUG Servicios.ServicioBase                   - EntityManager cerrado
2026-03-25 12:13:51.474 [JavaFX Application Thread] DEBUG Servicios.ServicioBase                   - EntityManager cerrado
2026-03-25 12:14:28.039 [JavaFX Application Thread] DEBUG Servicios.ServicioBase                   - Transacción iniciada con nuevo EntityManager
2026-03-25 12:14:28.039 [JavaFX Application Thread] DEBUG Servicios.ServicioBase                   - Transacción iniciada con nuevo EntityManager
2026-03-25 12:14:28.050 [JavaFX Application Thread] DEBUG Servicios.ServicioBase                   - EntityManager cerrado
2026-03-25 12:14:28.050 [JavaFX Application Thread] DEBUG Servicios.ServicioBase                   - EntityManager cerrado
2026-03-25 12:23:35.072 [JavaFX Application Thread] DEBUG Servicios.ServicioBase                   - EntityManager abierto para lectura
2026-03-25 12:23:35.072 [JavaFX Application Thread] DEBUG Servicios.ServicioBase                   - EntityManager abierto para lectura
2026-03-25 12:23:35.240 [JavaFX Application Thread] DEBUG Servicios.ServicioBase                   - EntityManager cerrado
2026-03-25 12:23:35.240 [JavaFX Application Thread] DEBUG Servicios.ServicioBase                   - EntityManager cerrado
2026-03-25 12:23:36.321 [JavaFX Application Thread] DEBUG Servicios.ServicioBase                   - EntityManager abierto para lectura
2026-03-25 12:23:36.321 [JavaFX Application Thread] DEBUG Servicios.ServicioBase                   - EntityManager abierto para lectura
2026-03-25 12:23:36.347 [JavaFX Application Thread] DEBUG Servicios.ServicioBase                   - EntityManager cerrado
2026-03-25 12:23:36.347 [JavaFX Application Thread] DEBUG Servicios.ServicioBase                   - EntityManager cerrado
2026-03-25 12:23:36.348 [JavaFX Application Thread] DEBUG Servicios.ServicioBase                   - EntityManager abierto para lectura
2026-03-25 12:23:36.348 [JavaFX Application Thread] DEBUG Servicios.ServicioBase                   - EntityManager abierto para lectura
2026-03-25 12:23:36.353 [JavaFX Application Thread] DEBUG Servicios.ServicioBase                   - EntityManager abierto para lectura
2026-03-25 12:23:36.353 [JavaFX Application Thread] DEBUG Servicios.ServicioBase                   - EntityManager abierto para lectura
2026-03-25 12:23:36.373 [JavaFX Application Thread] DEBUG Servicios.ServicioBase                   - EntityManager cerrado
2026-03-25 12:23:36.373 [JavaFX Application Thread] DEBUG Servicios.ServicioBase                   - EntityManager cerrado
2026-03-25 12:23:36.373 [JavaFX Application Thread] DEBUG Servicios.ServicioBase                   - EntityManager cerrado
2026-03-25 12:23:36.373 [JavaFX Application Thread] DEBUG Servicios.ServicioBase                   - EntityManager cerrado
2026-03-25 12:23:36.373 [JavaFX Application Thread] DEBUG Servicios.ServicioGenerico               - Buscando Puesto por ID: 2
2026-03-25 12:23:36.373 [JavaFX Application Thread] DEBUG Servicios.ServicioGenerico               - Buscando Puesto por ID: 2
2026-03-25 12:23:36.375 [JavaFX Application Thread] DEBUG Servicios.ServicioBase                   - EntityManager abierto para lectura
2026-03-25 12:23:36.375 [JavaFX Application Thread] DEBUG Servicios.ServicioBase                   - EntityManager abierto para lectura
2026-03-25 12:23:36.379 [JavaFX Application Thread] DEBUG Servicios.ServicioGenerico               - Puesto encontrado con ID: 2
2026-03-25 12:23:36.379 [JavaFX Application Thread] DEBUG Servicios.ServicioGenerico               - Puesto encontrado con ID: 2
2026-03-25 12:23:36.379 [JavaFX Application Thread] DEBUG Servicios.ServicioBase                   - EntityManager cerrado
2026-03-25 12:23:36.379 [JavaFX Application Thread] DEBUG Servicios.ServicioBase                   - EntityManager cerrado
2026-03-25 12:23:36.379 [JavaFX Application Thread] DEBUG Servicios.ServicioBase                   - EntityManager abierto para lectura
2026-03-25 12:23:36.379 [JavaFX Application Thread] DEBUG Servicios.ServicioBase                   - EntityManager abierto para lectura
2026-03-25 12:23:36.382 [JavaFX Application Thread] DEBUG Servicios.ServicioBase                   - EntityManager abierto para lectura
2026-03-25 12:23:36.382 [JavaFX Application Thread] DEBUG Servicios.ServicioBase                   - EntityManager abierto para lectura
2026-03-25 12:23:36.385 [JavaFX Application Thread] DEBUG Servicios.ServicioBase                   - EntityManager cerrado
2026-03-25 12:23:36.385 [JavaFX Application Thread] DEBUG Servicios.ServicioBase                   - EntityManager cerrado
2026-03-25 12:23:36.385 [JavaFX Application Thread] DEBUG Servicios.ServicioBase                   - EntityManager cerrado
2026-03-25 12:23:36.385 [JavaFX Application Thread] DEBUG Servicios.ServicioBase                   - EntityManager cerrado
2026-03-25 12:23:36.385 [JavaFX Application Thread] DEBUG Servicios.ServicioGenerico               - Buscando Puesto por ID: 5
2026-03-25 12:23:36.385 [JavaFX Application Thread] DEBUG Servicios.ServicioGenerico               - Buscando Puesto por ID: 5
2026-03-25 12:23:36.385 [JavaFX Application Thread] DEBUG Servicios.ServicioBase                   - EntityManager abierto para lectura
2026-03-25 12:23:36.385 [JavaFX Application Thread] DEBUG Servicios.ServicioBase                   - EntityManager abierto para lectura
2026-03-25 12:23:36.388 [JavaFX Application Thread] DEBUG Servicios.ServicioGenerico               - Puesto encontrado con ID: 5
2026-03-25 12:23:36.388 [JavaFX Application Thread] DEBUG Servicios.ServicioGenerico               - Puesto encontrado con ID: 5
2026-03-25 12:23:36.389 [JavaFX Application Thread] DEBUG Servicios.ServicioBase                   - EntityManager cerrado
2026-03-25 12:23:36.389 [JavaFX Application Thread] DEBUG Servicios.ServicioBase                   - EntityManager cerrado
2026-03-25 12:23:36.389 [JavaFX Application Thread] DEBUG Servicios.ServicioGenerico               - Buscando todos los registros de Empresa
2026-03-25 12:23:36.389 [JavaFX Application Thread] DEBUG Servicios.ServicioGenerico               - Buscando todos los registros de Empresa
2026-03-25 12:23:36.389 [JavaFX Application Thread] DEBUG Servicios.ServicioBase                   - EntityManager abierto para lectura
2026-03-25 12:23:36.389 [JavaFX Application Thread] DEBUG Servicios.ServicioBase                   - EntityManager abierto para lectura
2026-03-25 12:23:36.406 [JavaFX Application Thread] DEBUG Servicios.ServicioGenerico               - Se encontraron 5 registros de Empresa
2026-03-25 12:23:36.406 [JavaFX Application Thread] DEBUG Servicios.ServicioGenerico               - Se encontraron 5 registros de Empresa
2026-03-25 12:23:36.406 [JavaFX Application Thread] DEBUG Servicios.ServicioBase                   - EntityManager cerrado
2026-03-25 12:23:36.406 [JavaFX Application Thread] DEBUG Servicios.ServicioBase                   - EntityManager cerrado
2026-03-25 12:23:36.406 [JavaFX Application Thread] DEBUG Servicios.ServicioBase                   - EntityManager abierto para lectura
2026-03-25 12:23:36.406 [JavaFX Application Thread] DEBUG Servicios.ServicioBase                   - EntityManager abierto para lectura
2026-03-25 12:23:36.415 [JavaFX Application Thread] DEBUG Servicios.ServicioBase                   - EntityManager cerrado
2026-03-25 12:23:36.415 [JavaFX Application Thread] DEBUG Servicios.ServicioBase                   - EntityManager cerrado
