2026-03-30 12:08:27.799 [Thread-18] ERROR Servicios.ServicioBase - Error durante lectura en base de datos
java.lang.IllegalStateException: Illegal pop() with non-matching JdbcValuesSourceProcessingState
	at org.hibernate.sql.results.spi.LoadContexts.deregister(LoadContexts.java:39)
	at org.hibernate.sql.results.spi.ListResultsConsumer.consume(ListResultsConsumer.java:176)
	at org.hibernate.sql.results.spi.ListResultsConsumer.consume(ListResultsConsumer.java:31)
	at org.hibernate.sql.exec.internal.JdbcSelectExecutorStandardImpl.doExecuteQuery(JdbcSelectExecutorStandardImpl.java:211)
	at org.hibernate.sql.exec.internal.JdbcSelectExecutorStandardImpl.executeQuery(JdbcSelectExecutorStandardImpl.java:100)
	at org.hibernate.sql.exec.spi.JdbcSelectExecutor.executeQuery(JdbcSelectExecutor.java:63)
	at org.hibernate.sql.exec.spi.JdbcSelectExecutor.list(JdbcSelectExecutor.java:137)
	at org.hibernate.query.sqm.internal.ConcreteSqmSelectQueryPlan.lambda$new$1(ConcreteSqmSelectQueryPlan.java:128)
	at org.hibernate.query.sqm.internal.ConcreteSqmSelectQueryPlan.withCacheableSqmInterpretation(ConcreteSqmSelectQueryPlan.java:427)
	at org.hibernate.query.sqm.internal.ConcreteSqmSelectQueryPlan.performList(ConcreteSqmSelectQueryPlan.java:355)
	at org.hibernate.query.sqm.internal.SqmQueryImpl.doList(SqmQueryImpl.java:374)
	at org.hibernate.query.spi.AbstractSelectionQuery.list(AbstractSelectionQuery.java:153)
	at org.hibernate.query.spi.AbstractSelectionQuery.getSingleResult(AbstractSelectionQuery.java:294)
	at Dao.DaoUsuario.contarConFiltros(DaoUsuario.java:119)
	at Servicios.ServicioPersonas.lambda$1(ServicioPersonas.java:155)
	at Servicios.ServicioBase.ejecutarLectura(ServicioBase.java:31)
	at Servicios.ServicioPersonas.contarUsuarios(ServicioPersonas.java:153)
	at Implementaciones.FachadaPersonas.contarUsuarios(FachadaPersonas.java:52)
	at com.mycompany.inventariofrontfx.usuarios.UsuariosController$1.call(UsuariosController.java:151)
	at com.mycompany.inventariofrontfx.usuarios.UsuariosController$1.call(UsuariosController.java:144)
	at javafx.concurrent.Task$TaskCallable.call(Task.java:1407)
	at java.base/java.util.concurrent.FutureTask.run(FutureTask.java:328)
	at java.base/java.lang.Thread.run(Thread.java:1474)
2026-03-30 12:08:27.805 [Thread-17] ERROR Servicios.ServicioBase - Error durante lectura en base de datos
java.lang.IllegalStateException: Illegal pop() with non-matching JdbcValuesSourceProcessingState
	at org.hibernate.sql.results.spi.LoadContexts.deregister(LoadContexts.java:39)
	at org.hibernate.sql.results.spi.ListResultsConsumer.consume(ListResultsConsumer.java:176)
	at org.hibernate.sql.results.spi.ListResultsConsumer.consume(ListResultsConsumer.java:31)
	at org.hibernate.sql.exec.internal.JdbcSelectExecutorStandardImpl.doExecuteQuery(JdbcSelectExecutorStandardImpl.java:211)
	at org.hibernate.sql.exec.internal.JdbcSelectExecutorStandardImpl.executeQuery(JdbcSelectExecutorStandardImpl.java:100)
	at org.hibernate.sql.exec.spi.JdbcSelectExecutor.executeQuery(JdbcSelectExecutor.java:63)
	at org.hibernate.sql.exec.spi.JdbcSelectExecutor.list(JdbcSelectExecutor.java:137)
	at org.hibernate.query.sqm.internal.ConcreteSqmSelectQueryPlan.lambda$new$1(ConcreteSqmSelectQueryPlan.java:128)
	at org.hibernate.query.sqm.internal.ConcreteSqmSelectQueryPlan.withCacheableSqmInterpretation(ConcreteSqmSelectQueryPlan.java:427)
	at org.hibernate.query.sqm.internal.ConcreteSqmSelectQueryPlan.performList(ConcreteSqmSelectQueryPlan.java:355)
	at org.hibernate.query.sqm.internal.SqmQueryImpl.doList(SqmQueryImpl.java:374)
	at org.hibernate.query.spi.AbstractSelectionQuery.list(AbstractSelectionQuery.java:153)
	at org.hibernate.query.spi.AbstractSelectionQuery.getSingleResult(AbstractSelectionQuery.java:294)
	at Dao.DaoUsuario.contarEquiposAsignadosPorUsuario(DaoUsuario.java:140)
	at Servicios.ServicioPersonas.lambda$0(ServicioPersonas.java:124)
	at Servicios.ServicioBase.ejecutarLectura(ServicioBase.java:31)
	at Servicios.ServicioPersonas.buscarUsuariosPaginado(ServicioPersonas.java:113)
	at Implementaciones.FachadaPersonas.buscarUsuariosPaginado(FachadaPersonas.java:46)
	at com.mycompany.inventariofrontfx.usuarios.UsuariosController$1.call(UsuariosController.java:152)
	at com.mycompany.inventariofrontfx.usuarios.UsuariosController$1.call(UsuariosController.java:144)
	at javafx.concurrent.Task$TaskCallable.call(Task.java:1407)
	at java.base/java.util.concurrent.FutureTask.run(FutureTask.java:328)
	at java.base/java.lang.Thread.run(Thread.java:1474)
