2026-03-26 01:03:26.236 [JavaFX Application Thread] DEBUG Servicios.ServicioBase                   - EntityManager abierto para lectura
2026-03-26 01:03:26.236 [JavaFX Application Thread] DEBUG Servicios.ServicioBase                   - EntityManager abierto para lectura
2026-03-26 01:03:26.386 [JavaFX Application Thread] DEBUG Servicios.ServicioBase                   - EntityManager cerrado
2026-03-26 01:03:26.386 [JavaFX Application Thread] DEBUG Servicios.ServicioBase                   - EntityManager cerrado
2026-03-26 01:03:27.912 [JavaFX Application Thread] DEBUG Servicios.ServicioGenerico               - Buscando todos los registros de Modelo
2026-03-26 01:03:27.912 [JavaFX Application Thread] DEBUG Servicios.ServicioGenerico               - Buscando todos los registros de Modelo
2026-03-26 01:03:27.913 [JavaFX Application Thread] DEBUG Servicios.ServicioBase                   - EntityManager abierto para lectura
2026-03-26 01:03:27.913 [JavaFX Application Thread] DEBUG Servicios.ServicioBase                   - EntityManager abierto para lectura
2026-03-26 01:03:27.917 [JavaFX Application Thread] DEBUG Servicios.ServicioGenerico               - Se encontraron 5 registros de Modelo
2026-03-26 01:03:27.917 [JavaFX Application Thread] DEBUG Servicios.ServicioGenerico               - Se encontraron 5 registros de Modelo
2026-03-26 01:03:27.917 [JavaFX Application Thread] DEBUG Servicios.ServicioBase                   - EntityManager cerrado
2026-03-26 01:03:27.917 [JavaFX Application Thread] DEBUG Servicios.ServicioBase                   - EntityManager cerrado
2026-03-26 01:04:01.392 [JavaFX Application Thread] DEBUG Servicios.ServicioBase                   - Transacción iniciada con nuevo EntityManager
2026-03-26 01:04:01.392 [JavaFX Application Thread] DEBUG Servicios.ServicioBase                   - Transacción iniciada con nuevo EntityManager
2026-03-26 01:04:01.448 [JavaFX Application Thread] DEBUG Servicios.ServicioBase                   - Transacción completada exitosamente
2026-03-26 01:04:01.448 [JavaFX Application Thread] DEBUG Servicios.ServicioBase                   - Transacción completada exitosamente
2026-03-26 01:04:01.448 [JavaFX Application Thread] DEBUG Servicios.ServicioBase                   - EntityManager cerrado
2026-03-26 01:04:01.448 [JavaFX Application Thread] DEBUG Servicios.ServicioBase                   - EntityManager cerrado
2026-03-26 01:04:01.454 [JavaFX Application Thread] DEBUG Servicios.ServicioBase                   - EntityManager abierto para lectura
2026-03-26 01:04:01.454 [JavaFX Application Thread] DEBUG Servicios.ServicioBase                   - EntityManager abierto para lectura
2026-03-26 01:04:01.460 [JavaFX Application Thread] DEBUG Servicios.ServicioBase                   - EntityManager cerrado
2026-03-26 01:04:01.460 [JavaFX Application Thread] DEBUG Servicios.ServicioBase                   - EntityManager cerrado
2026-03-26 01:04:01.464 [JavaFX Application Thread] DEBUG Servicios.ServicioBase                   - EntityManager abierto para lectura
2026-03-26 01:04:01.464 [JavaFX Application Thread] DEBUG Servicios.ServicioBase                   - EntityManager abierto para lectura
2026-03-26 01:04:01.469 [JavaFX Application Thread] DEBUG Servicios.ServicioBase                   - EntityManager cerrado
2026-03-26 01:04:01.469 [JavaFX Application Thread] DEBUG Servicios.ServicioBase                   - EntityManager cerrado
2026-03-26 01:04:21.111 [JavaFX Application Thread] DEBUG Servicios.ServicioBase                   - EntityManager abierto para lectura
2026-03-26 01:04:21.111 [JavaFX Application Thread] DEBUG Servicios.ServicioBase                   - EntityManager abierto para lectura
2026-03-26 01:04:21.126 [JavaFX Application Thread] DEBUG Servicios.ServicioBase                   - EntityManager cerrado
2026-03-26 01:04:21.126 [JavaFX Application Thread] DEBUG Servicios.ServicioBase                   - EntityManager cerrado
2026-03-26 01:04:21.126 [JavaFX Application Thread] DEBUG Servicios.ServicioBase                   - EntityManager abierto para lectura
2026-03-26 01:04:21.126 [JavaFX Application Thread] DEBUG Servicios.ServicioBase                   - EntityManager abierto para lectura
2026-03-26 01:04:21.129 [JavaFX Application Thread] DEBUG Servicios.ServicioBase                   - EntityManager abierto para lectura
2026-03-26 01:04:21.129 [JavaFX Application Thread] DEBUG Servicios.ServicioBase                   - EntityManager abierto para lectura
2026-03-26 01:04:21.142 [JavaFX Application Thread] DEBUG Servicios.ServicioBase                   - EntityManager cerrado
2026-03-26 01:04:21.142 [JavaFX Application Thread] DEBUG Servicios.ServicioBase                   - EntityManager cerrado
2026-03-26 01:04:21.142 [JavaFX Application Thread] DEBUG Servicios.ServicioBase                   - EntityManager cerrado
2026-03-26 01:04:21.142 [JavaFX Application Thread] DEBUG Servicios.ServicioBase                   - EntityManager cerrado
2026-03-26 01:04:21.142 [JavaFX Application Thread] DEBUG Servicios.ServicioGenerico               - Buscando Puesto por ID: 2
2026-03-26 01:04:21.142 [JavaFX Application Thread] DEBUG Servicios.ServicioGenerico               - Buscando Puesto por ID: 2
2026-03-26 01:04:21.143 [JavaFX Application Thread] DEBUG Servicios.ServicioBase                   - EntityManager abierto para lectura
2026-03-26 01:04:21.143 [JavaFX Application Thread] DEBUG Servicios.ServicioBase                   - EntityManager abierto para lectura
2026-03-26 01:04:21.147 [JavaFX Application Thread] DEBUG Servicios.ServicioGenerico               - Puesto encontrado con ID: 2
2026-03-26 01:04:21.147 [JavaFX Application Thread] DEBUG Servicios.ServicioGenerico               - Puesto encontrado con ID: 2
2026-03-26 01:04:21.147 [JavaFX Application Thread] DEBUG Servicios.ServicioBase                   - EntityManager cerrado
2026-03-26 01:04:21.147 [JavaFX Application Thread] DEBUG Servicios.ServicioBase                   - EntityManager cerrado
2026-03-26 01:04:21.147 [JavaFX Application Thread] DEBUG Servicios.ServicioGenerico               - Buscando todos los registros de Empresa
2026-03-26 01:04:21.147 [JavaFX Application Thread] DEBUG Servicios.ServicioGenerico               - Buscando todos los registros de Empresa
2026-03-26 01:04:21.147 [JavaFX Application Thread] DEBUG Servicios.ServicioBase                   - EntityManager abierto para lectura
2026-03-26 01:04:21.147 [JavaFX Application Thread] DEBUG Servicios.ServicioBase                   - EntityManager abierto para lectura
2026-03-26 01:04:21.157 [JavaFX Application Thread] DEBUG Servicios.ServicioGenerico               - Se encontraron 5 registros de Empresa
2026-03-26 01:04:21.157 [JavaFX Application Thread] DEBUG Servicios.ServicioGenerico               - Se encontraron 5 registros de Empresa
2026-03-26 01:04:21.157 [JavaFX Application Thread] DEBUG Servicios.ServicioBase                   - EntityManager cerrado
2026-03-26 01:04:21.157 [JavaFX Application Thread] DEBUG Servicios.ServicioBase                   - EntityManager cerrado
2026-03-26 01:04:21.157 [JavaFX Application Thread] DEBUG Servicios.ServicioBase                   - EntityManager abierto para lectura
2026-03-26 01:04:21.157 [JavaFX Application Thread] DEBUG Servicios.ServicioBase                   - EntityManager abierto para lectura
2026-03-26 01:04:21.162 [JavaFX Application Thread] DEBUG Servicios.ServicioBase                   - EntityManager cerrado
2026-03-26 01:04:21.162 [JavaFX Application Thread] DEBUG Servicios.ServicioBase                   - EntityManager cerrado
2026-03-26 01:04:33.155 [JavaFX Application Thread] DEBUG Servicios.ServicioBase                   - Transacción iniciada con nuevo EntityManager
2026-03-26 01:04:33.155 [JavaFX Application Thread] DEBUG Servicios.ServicioBase                   - Transacción iniciada con nuevo EntityManager
2026-03-26 01:04:33.168 [JavaFX Application Thread] DEBUG Servicios.ServicioBase                   - Transacción completada exitosamente
2026-03-26 01:04:33.168 [JavaFX Application Thread] DEBUG Servicios.ServicioBase                   - Transacción completada exitosamente
2026-03-26 01:04:33.169 [JavaFX Application Thread] DEBUG Servicios.ServicioBase                   - EntityManager cerrado
2026-03-26 01:04:33.169 [JavaFX Application Thread] DEBUG Servicios.ServicioBase                   - EntityManager cerrado
2026-03-26 01:04:33.169 [JavaFX Application Thread] DEBUG Servicios.ServicioBase                   - EntityManager abierto para lectura
2026-03-26 01:04:33.169 [JavaFX Application Thread] DEBUG Servicios.ServicioBase                   - EntityManager abierto para lectura
2026-03-26 01:04:33.174 [JavaFX Application Thread] DEBUG Servicios.ServicioBase                   - EntityManager cerrado
2026-03-26 01:04:33.174 [JavaFX Application Thread] DEBUG Servicios.ServicioBase                   - EntityManager cerrado
2026-03-26 01:04:33.175 [JavaFX Application Thread] DEBUG Servicios.ServicioBase                   - EntityManager abierto para lectura
2026-03-26 01:04:33.175 [JavaFX Application Thread] DEBUG Servicios.ServicioBase                   - EntityManager abierto para lectura
2026-03-26 01:04:33.179 [JavaFX Application Thread] DEBUG Servicios.ServicioBase                   - EntityManager cerrado
2026-03-26 01:04:33.179 [JavaFX Application Thread] DEBUG Servicios.ServicioBase                   - EntityManager cerrado
2026-03-26 01:04:33.179 [JavaFX Application Thread] DEBUG Servicios.ServicioBase                   - EntityManager abierto para lectura
2026-03-26 01:04:33.179 [JavaFX Application Thread] DEBUG Servicios.ServicioBase                   - EntityManager abierto para lectura
2026-03-26 01:04:33.181 [JavaFX Application Thread] DEBUG Servicios.ServicioBase                   - EntityManager abierto para lectura
2026-03-26 01:04:33.181 [JavaFX Application Thread] DEBUG Servicios.ServicioBase                   - EntityManager abierto para lectura
2026-03-26 01:04:33.183 [JavaFX Application Thread] DEBUG Servicios.ServicioBase                   - EntityManager cerrado
2026-03-26 01:04:33.183 [JavaFX Application Thread] DEBUG Servicios.ServicioBase                   - EntityManager cerrado
2026-03-26 01:04:33.183 [JavaFX Application Thread] DEBUG Servicios.ServicioBase                   - EntityManager cerrado
2026-03-26 01:04:33.183 [JavaFX Application Thread] DEBUG Servicios.ServicioBase                   - EntityManager cerrado
2026-03-26 01:04:33.183 [JavaFX Application Thread] DEBUG Servicios.ServicioGenerico               - Buscando Puesto por ID: 2
2026-03-26 01:04:33.183 [JavaFX Application Thread] DEBUG Servicios.ServicioGenerico               - Buscando Puesto por ID: 2
2026-03-26 01:04:33.183 [JavaFX Application Thread] DEBUG Servicios.ServicioBase                   - EntityManager abierto para lectura
2026-03-26 01:04:33.183 [JavaFX Application Thread] DEBUG Servicios.ServicioBase                   - EntityManager abierto para lectura
2026-03-26 01:04:33.185 [JavaFX Application Thread] DEBUG Servicios.ServicioGenerico               - Puesto encontrado con ID: 2
2026-03-26 01:04:33.185 [JavaFX Application Thread] DEBUG Servicios.ServicioGenerico               - Puesto encontrado con ID: 2
2026-03-26 01:04:33.185 [JavaFX Application Thread] DEBUG Servicios.ServicioBase                   - EntityManager cerrado
2026-03-26 01:04:33.185 [JavaFX Application Thread] DEBUG Servicios.ServicioBase                   - EntityManager cerrado
2026-03-26 01:04:33.185 [JavaFX Application Thread] DEBUG Servicios.ServicioBase                   - EntityManager abierto para lectura
2026-03-26 01:04:33.185 [JavaFX Application Thread] DEBUG Servicios.ServicioBase                   - EntityManager abierto para lectura
2026-03-26 01:04:33.188 [JavaFX Application Thread] DEBUG Servicios.ServicioBase                   - EntityManager abierto para lectura
2026-03-26 01:04:33.188 [JavaFX Application Thread] DEBUG Servicios.ServicioBase                   - EntityManager abierto para lectura
2026-03-26 01:04:33.190 [JavaFX Application Thread] DEBUG Servicios.ServicioBase                   - EntityManager cerrado
2026-03-26 01:04:33.190 [JavaFX Application Thread] DEBUG Servicios.ServicioBase                   - EntityManager cerrado
2026-03-26 01:04:33.190 [JavaFX Application Thread] DEBUG Servicios.ServicioBase                   - EntityManager cerrado
2026-03-26 01:04:33.190 [JavaFX Application Thread] DEBUG Servicios.ServicioBase                   - EntityManager cerrado
2026-03-26 01:04:33.190 [JavaFX Application Thread] DEBUG Servicios.ServicioGenerico               - Buscando Puesto por ID: 2
2026-03-26 01:04:33.190 [JavaFX Application Thread] DEBUG Servicios.ServicioGenerico               - Buscando Puesto por ID: 2
2026-03-26 01:04:33.190 [JavaFX Application Thread] DEBUG Servicios.ServicioBase                   - EntityManager abierto para lectura
2026-03-26 01:04:33.190 [JavaFX Application Thread] DEBUG Servicios.ServicioBase                   - EntityManager abierto para lectura
2026-03-26 01:04:33.192 [JavaFX Application Thread] DEBUG Servicios.ServicioGenerico               - Puesto encontrado con ID: 2
2026-03-26 01:04:33.192 [JavaFX Application Thread] DEBUG Servicios.ServicioGenerico               - Puesto encontrado con ID: 2
2026-03-26 01:04:33.192 [JavaFX Application Thread] DEBUG Servicios.ServicioBase                   - EntityManager cerrado
2026-03-26 01:04:33.192 [JavaFX Application Thread] DEBUG Servicios.ServicioBase                   - EntityManager cerrado
2026-03-26 01:04:33.192 [JavaFX Application Thread] DEBUG Servicios.ServicioGenerico               - Buscando todos los registros de Empresa
2026-03-26 01:04:33.192 [JavaFX Application Thread] DEBUG Servicios.ServicioGenerico               - Buscando todos los registros de Empresa
2026-03-26 01:04:33.192 [JavaFX Application Thread] DEBUG Servicios.ServicioBase                   - EntityManager abierto para lectura
2026-03-26 01:04:33.192 [JavaFX Application Thread] DEBUG Servicios.ServicioBase                   - EntityManager abierto para lectura
2026-03-26 01:04:33.200 [JavaFX Application Thread] DEBUG Servicios.ServicioGenerico               - Se encontraron 5 registros de Empresa
2026-03-26 01:04:33.200 [JavaFX Application Thread] DEBUG Servicios.ServicioGenerico               - Se encontraron 5 registros de Empresa
2026-03-26 01:04:33.201 [JavaFX Application Thread] DEBUG Servicios.ServicioBase                   - EntityManager cerrado
2026-03-26 01:04:33.201 [JavaFX Application Thread] DEBUG Servicios.ServicioBase                   - EntityManager cerrado
2026-03-26 01:04:33.206 [JavaFX Application Thread] DEBUG Servicios.ServicioBase                   - EntityManager abierto para lectura
2026-03-26 01:04:33.206 [JavaFX Application Thread] DEBUG Servicios.ServicioBase                   - EntityManager abierto para lectura
2026-03-26 01:04:33.212 [JavaFX Application Thread] DEBUG Servicios.ServicioBase                   - EntityManager cerrado
2026-03-26 01:04:33.212 [JavaFX Application Thread] DEBUG Servicios.ServicioBase                   - EntityManager cerrado
2026-03-26 01:04:33.212 [JavaFX Application Thread] DEBUG Servicios.ServicioBase                   - EntityManager abierto para lectura
2026-03-26 01:04:33.212 [JavaFX Application Thread] DEBUG Servicios.ServicioBase                   - EntityManager abierto para lectura
2026-03-26 01:04:33.217 [JavaFX Application Thread] DEBUG Servicios.ServicioBase                   - EntityManager cerrado
2026-03-26 01:04:33.217 [JavaFX Application Thread] DEBUG Servicios.ServicioBase                   - EntityManager cerrado
2026-03-26 01:06:37.131 [JavaFX Application Thread] DEBUG Servicios.ServicioBase                   - EntityManager abierto para lectura
2026-03-26 01:06:37.131 [JavaFX Application Thread] DEBUG Servicios.ServicioBase                   - EntityManager abierto para lectura
2026-03-26 01:06:37.252 [JavaFX Application Thread] DEBUG Servicios.ServicioBase                   - EntityManager cerrado
2026-03-26 01:06:37.252 [JavaFX Application Thread] DEBUG Servicios.ServicioBase                   - EntityManager cerrado
2026-03-26 01:06:38.813 [JavaFX Application Thread] DEBUG Servicios.ServicioBase                   - EntityManager abierto para lectura
2026-03-26 01:06:38.813 [JavaFX Application Thread] DEBUG Servicios.ServicioBase                   - EntityManager abierto para lectura
2026-03-26 01:06:38.820 [JavaFX Application Thread] DEBUG Servicios.ServicioBase                   - EntityManager cerrado
2026-03-26 01:06:38.820 [JavaFX Application Thread] DEBUG Servicios.ServicioBase                   - EntityManager cerrado
2026-03-26 01:06:38.820 [JavaFX Application Thread] DEBUG Servicios.ServicioBase                   - EntityManager abierto para lectura
2026-03-26 01:06:38.820 [JavaFX Application Thread] DEBUG Servicios.ServicioBase                   - EntityManager abierto para lectura
2026-03-26 01:06:38.824 [JavaFX Application Thread] DEBUG Servicios.ServicioBase                   - EntityManager abierto para lectura
2026-03-26 01:06:38.824 [JavaFX Application Thread] DEBUG Servicios.ServicioBase                   - EntityManager abierto para lectura
2026-03-26 01:06:38.848 [JavaFX Application Thread] DEBUG Servicios.ServicioBase                   - EntityManager cerrado
2026-03-26 01:06:38.848 [JavaFX Application Thread] DEBUG Servicios.ServicioBase                   - EntityManager cerrado
2026-03-26 01:06:38.848 [JavaFX Application Thread] DEBUG Servicios.ServicioBase                   - EntityManager cerrado
2026-03-26 01:06:38.848 [JavaFX Application Thread] DEBUG Servicios.ServicioBase                   - EntityManager cerrado
2026-03-26 01:06:38.848 [JavaFX Application Thread] DEBUG Servicios.ServicioGenerico               - Buscando Puesto por ID: 2
2026-03-26 01:06:38.848 [JavaFX Application Thread] DEBUG Servicios.ServicioGenerico               - Buscando Puesto por ID: 2
2026-03-26 01:06:38.849 [JavaFX Application Thread] DEBUG Servicios.ServicioBase                   - EntityManager abierto para lectura
2026-03-26 01:06:38.849 [JavaFX Application Thread] DEBUG Servicios.ServicioBase                   - EntityManager abierto para lectura
2026-03-26 01:06:38.852 [JavaFX Application Thread] DEBUG Servicios.ServicioGenerico               - Puesto encontrado con ID: 2
2026-03-26 01:06:38.852 [JavaFX Application Thread] DEBUG Servicios.ServicioGenerico               - Puesto encontrado con ID: 2
2026-03-26 01:06:38.853 [JavaFX Application Thread] DEBUG Servicios.ServicioBase                   - EntityManager cerrado
2026-03-26 01:06:38.853 [JavaFX Application Thread] DEBUG Servicios.ServicioBase                   - EntityManager cerrado
2026-03-26 01:06:38.853 [JavaFX Application Thread] DEBUG Servicios.ServicioBase                   - EntityManager abierto para lectura
2026-03-26 01:06:38.853 [JavaFX Application Thread] DEBUG Servicios.ServicioBase                   - EntityManager abierto para lectura
2026-03-26 01:06:38.856 [JavaFX Application Thread] DEBUG Servicios.ServicioBase                   - EntityManager abierto para lectura
2026-03-26 01:06:38.856 [JavaFX Application Thread] DEBUG Servicios.ServicioBase                   - EntityManager abierto para lectura
2026-03-26 01:06:38.858 [JavaFX Application Thread] DEBUG Servicios.ServicioBase                   - EntityManager cerrado
2026-03-26 01:06:38.858 [JavaFX Application Thread] DEBUG Servicios.ServicioBase                   - EntityManager cerrado
2026-03-26 01:06:38.858 [JavaFX Application Thread] DEBUG Servicios.ServicioBase                   - EntityManager cerrado
2026-03-26 01:06:38.858 [JavaFX Application Thread] DEBUG Servicios.ServicioBase                   - EntityManager cerrado
2026-03-26 01:06:38.859 [JavaFX Application Thread] DEBUG Servicios.ServicioGenerico               - Buscando Puesto por ID: 2
2026-03-26 01:06:38.859 [JavaFX Application Thread] DEBUG Servicios.ServicioGenerico               - Buscando Puesto por ID: 2
2026-03-26 01:06:38.859 [JavaFX Application Thread] DEBUG Servicios.ServicioBase                   - EntityManager abierto para lectura
2026-03-26 01:06:38.859 [JavaFX Application Thread] DEBUG Servicios.ServicioBase                   - EntityManager abierto para lectura
2026-03-26 01:06:38.861 [JavaFX Application Thread] DEBUG Servicios.ServicioGenerico               - Puesto encontrado con ID: 2
2026-03-26 01:06:38.861 [JavaFX Application Thread] DEBUG Servicios.ServicioGenerico               - Puesto encontrado con ID: 2
2026-03-26 01:06:38.861 [JavaFX Application Thread] DEBUG Servicios.ServicioBase                   - EntityManager cerrado
2026-03-26 01:06:38.861 [JavaFX Application Thread] DEBUG Servicios.ServicioBase                   - EntityManager cerrado
2026-03-26 01:06:38.861 [JavaFX Application Thread] DEBUG Servicios.ServicioGenerico               - Buscando todos los registros de Empresa
2026-03-26 01:06:38.861 [JavaFX Application Thread] DEBUG Servicios.ServicioGenerico               - Buscando todos los registros de Empresa
2026-03-26 01:06:38.862 [JavaFX Application Thread] DEBUG Servicios.ServicioBase                   - EntityManager abierto para lectura
2026-03-26 01:06:38.862 [JavaFX Application Thread] DEBUG Servicios.ServicioBase                   - EntityManager abierto para lectura
2026-03-26 01:06:38.872 [JavaFX Application Thread] DEBUG Servicios.ServicioGenerico               - Se encontraron 5 registros de Empresa
2026-03-26 01:06:38.872 [JavaFX Application Thread] DEBUG Servicios.ServicioGenerico               - Se encontraron 5 registros de Empresa
2026-03-26 01:06:38.872 [JavaFX Application Thread] DEBUG Servicios.ServicioBase                   - EntityManager cerrado
2026-03-26 01:06:38.872 [JavaFX Application Thread] DEBUG Servicios.ServicioBase                   - EntityManager cerrado
2026-03-26 01:06:38.872 [JavaFX Application Thread] DEBUG Servicios.ServicioBase                   - EntityManager abierto para lectura
2026-03-26 01:06:38.872 [JavaFX Application Thread] DEBUG Servicios.ServicioBase                   - EntityManager abierto para lectura
2026-03-26 01:06:38.878 [JavaFX Application Thread] DEBUG Servicios.ServicioBase                   - EntityManager cerrado
2026-03-26 01:06:38.878 [JavaFX Application Thread] DEBUG Servicios.ServicioBase                   - EntityManager cerrado
2026-03-26 01:06:40.434 [JavaFX Application Thread] DEBUG Servicios.ServicioBase                   - EntityManager abierto para lectura
2026-03-26 01:06:40.434 [JavaFX Application Thread] DEBUG Servicios.ServicioBase                   - EntityManager abierto para lectura
2026-03-26 01:06:40.435 [JavaFX Application Thread] DEBUG Servicios.ServicioBase                   - EntityManager abierto para lectura
2026-03-26 01:06:40.435 [JavaFX Application Thread] DEBUG Servicios.ServicioBase                   - EntityManager abierto para lectura
2026-03-26 01:06:40.438 [JavaFX Application Thread] DEBUG Servicios.ServicioBase                   - EntityManager cerrado
2026-03-26 01:06:40.438 [JavaFX Application Thread] DEBUG Servicios.ServicioBase                   - EntityManager cerrado
2026-03-26 01:06:40.438 [JavaFX Application Thread] DEBUG Servicios.ServicioBase                   - EntityManager cerrado
2026-03-26 01:06:40.438 [JavaFX Application Thread] DEBUG Servicios.ServicioBase                   - EntityManager cerrado
2026-03-26 01:06:41.449 [Thread-5       ] DEBUG Servicios.ServicioBase                   - EntityManager abierto para lectura
2026-03-26 01:06:41.449 [Thread-6       ] DEBUG Servicios.ServicioBase                   - EntityManager abierto para lectura
2026-03-26 01:06:41.449 [Thread-5       ] DEBUG Servicios.ServicioBase                   - EntityManager abierto para lectura
2026-03-26 01:06:41.449 [Thread-6       ] DEBUG Servicios.ServicioBase                   - EntityManager abierto para lectura
2026-03-26 01:06:41.454 [Thread-5       ] DEBUG Servicios.ServicioBase                   - EntityManager cerrado
2026-03-26 01:06:41.454 [Thread-5       ] DEBUG Servicios.ServicioBase                   - EntityManager cerrado
2026-03-26 01:06:41.470 [Thread-6       ] DEBUG Servicios.ServicioBase                   - EntityManager cerrado
2026-03-26 01:06:41.470 [Thread-6       ] DEBUG Servicios.ServicioBase                   - EntityManager cerrado
2026-03-26 01:06:56.924 [Thread-7       ] DEBUG Servicios.ServicioBase                   - EntityManager abierto para lectura
2026-03-26 01:06:56.924 [Thread-7       ] DEBUG Servicios.ServicioBase                   - EntityManager abierto para lectura
2026-03-26 01:06:56.929 [Thread-7       ] DEBUG Servicios.ServicioBase                   - EntityManager cerrado
2026-03-26 01:06:56.929 [Thread-7       ] DEBUG Servicios.ServicioBase                   - EntityManager cerrado
2026-03-26 01:06:58.363 [Thread-8       ] DEBUG Servicios.ServicioBase                   - EntityManager abierto para lectura
2026-03-26 01:06:58.363 [Thread-8       ] DEBUG Servicios.ServicioBase                   - EntityManager abierto para lectura
2026-03-26 01:06:58.367 [Thread-8       ] DEBUG Servicios.ServicioBase                   - EntityManager cerrado
2026-03-26 01:06:58.367 [Thread-8       ] DEBUG Servicios.ServicioBase                   - EntityManager cerrado
2026-03-26 01:06:58.562 [Thread-9       ] DEBUG Servicios.ServicioBase                   - EntityManager abierto para lectura
2026-03-26 01:06:58.562 [Thread-9       ] DEBUG Servicios.ServicioBase                   - EntityManager abierto para lectura
2026-03-26 01:06:58.569 [Thread-9       ] DEBUG Servicios.ServicioBase                   - EntityManager cerrado
2026-03-26 01:06:58.569 [Thread-9       ] DEBUG Servicios.ServicioBase                   - EntityManager cerrado
2026-03-26 01:07:03.620 [Thread-10      ] DEBUG Servicios.ServicioBase                   - EntityManager abierto para lectura
2026-03-26 01:07:03.620 [Thread-10      ] DEBUG Servicios.ServicioBase                   - EntityManager abierto para lectura
2026-03-26 01:07:03.631 [Thread-10      ] DEBUG Servicios.ServicioBase                   - EntityManager cerrado
2026-03-26 01:07:03.631 [Thread-10      ] DEBUG Servicios.ServicioBase                   - EntityManager cerrado
2026-03-26 01:07:04.091 [Thread-11      ] DEBUG Servicios.ServicioBase                   - EntityManager abierto para lectura
2026-03-26 01:07:04.091 [Thread-11      ] DEBUG Servicios.ServicioBase                   - EntityManager abierto para lectura
2026-03-26 01:07:04.097 [Thread-11      ] DEBUG Servicios.ServicioBase                   - EntityManager cerrado
2026-03-26 01:07:04.097 [Thread-11      ] DEBUG Servicios.ServicioBase                   - EntityManager cerrado
2026-03-26 01:07:05.939 [Thread-12      ] DEBUG Servicios.ServicioBase                   - EntityManager abierto para lectura
2026-03-26 01:07:05.939 [Thread-12      ] DEBUG Servicios.ServicioBase                   - EntityManager abierto para lectura
2026-03-26 01:07:05.945 [Thread-12      ] DEBUG Servicios.ServicioBase                   - EntityManager cerrado
2026-03-26 01:07:05.945 [Thread-12      ] DEBUG Servicios.ServicioBase                   - EntityManager cerrado
2026-03-26 01:07:06.131 [Thread-13      ] DEBUG Servicios.ServicioBase                   - EntityManager abierto para lectura
2026-03-26 01:07:06.131 [Thread-13      ] DEBUG Servicios.ServicioBase                   - EntityManager abierto para lectura
2026-03-26 01:07:06.135 [Thread-13      ] DEBUG Servicios.ServicioBase                   - EntityManager cerrado
2026-03-26 01:07:06.135 [Thread-13      ] DEBUG Servicios.ServicioBase                   - EntityManager cerrado
2026-03-26 01:07:14.516 [JavaFX Application Thread] DEBUG Servicios.ServicioBase                   - EntityManager abierto para lectura
2026-03-26 01:07:14.516 [JavaFX Application Thread] DEBUG Servicios.ServicioBase                   - EntityManager abierto para lectura
2026-03-26 01:07:14.519 [JavaFX Application Thread] DEBUG Servicios.ServicioBase                   - EntityManager abierto para lectura
2026-03-26 01:07:14.519 [JavaFX Application Thread] DEBUG Servicios.ServicioBase                   - EntityManager abierto para lectura
2026-03-26 01:07:14.522 [JavaFX Application Thread] DEBUG Servicios.ServicioBase                   - EntityManager cerrado
2026-03-26 01:07:14.522 [JavaFX Application Thread] DEBUG Servicios.ServicioBase                   - EntityManager cerrado
2026-03-26 01:07:14.522 [JavaFX Application Thread] DEBUG Servicios.ServicioBase                   - EntityManager cerrado
2026-03-26 01:07:14.522 [JavaFX Application Thread] DEBUG Servicios.ServicioBase                   - EntityManager cerrado
2026-03-26 01:07:14.524 [JavaFX Application Thread] DEBUG Servicios.ServicioBase                   - Transacción iniciada con nuevo EntityManager
2026-03-26 01:07:14.524 [JavaFX Application Thread] DEBUG Servicios.ServicioBase                   - Transacción iniciada con nuevo EntityManager
2026-03-26 01:07:14.572 [JavaFX Application Thread] DEBUG Servicios.ServicioBase                   - Transacción completada exitosamente
2026-03-26 01:07:14.572 [JavaFX Application Thread] DEBUG Servicios.ServicioBase                   - Transacción completada exitosamente
2026-03-26 01:07:14.572 [JavaFX Application Thread] DEBUG Servicios.ServicioBase                   - EntityManager cerrado
2026-03-26 01:07:14.572 [JavaFX Application Thread] DEBUG Servicios.ServicioBase                   - EntityManager cerrado
2026-03-26 01:07:26.635 [JavaFX Application Thread] DEBUG Servicios.ServicioBase                   - EntityManager abierto para lectura
2026-03-26 01:07:26.635 [JavaFX Application Thread] DEBUG Servicios.ServicioBase                   - EntityManager abierto para lectura
2026-03-26 01:07:26.635 [JavaFX Application Thread] DEBUG Servicios.ServicioBase                   - EntityManager abierto para lectura
2026-03-26 01:07:26.635 [JavaFX Application Thread] DEBUG Servicios.ServicioBase                   - EntityManager abierto para lectura
2026-03-26 01:07:26.642 [JavaFX Application Thread] DEBUG Servicios.ServicioBase                   - EntityManager cerrado
2026-03-26 01:07:26.642 [JavaFX Application Thread] DEBUG Servicios.ServicioBase                   - EntityManager cerrado
2026-03-26 01:07:26.642 [JavaFX Application Thread] DEBUG Servicios.ServicioBase                   - EntityManager cerrado
2026-03-26 01:07:26.642 [JavaFX Application Thread] DEBUG Servicios.ServicioBase                   - EntityManager cerrado
2026-03-26 01:07:31.556 [JavaFX Application Thread] DEBUG Servicios.ServicioGenerico               - Buscando Usuario por ID: 1
2026-03-26 01:07:31.556 [JavaFX Application Thread] DEBUG Servicios.ServicioGenerico               - Buscando Usuario por ID: 1
2026-03-26 01:07:31.556 [JavaFX Application Thread] DEBUG Servicios.ServicioBase                   - EntityManager abierto para lectura
2026-03-26 01:07:31.556 [JavaFX Application Thread] DEBUG Servicios.ServicioBase                   - EntityManager abierto para lectura
2026-03-26 01:07:31.559 [JavaFX Application Thread] DEBUG Servicios.ServicioGenerico               - Usuario encontrado con ID: 1
2026-03-26 01:07:31.559 [JavaFX Application Thread] DEBUG Servicios.ServicioGenerico               - Usuario encontrado con ID: 1
2026-03-26 01:07:31.560 [JavaFX Application Thread] DEBUG Servicios.ServicioBase                   - EntityManager cerrado
2026-03-26 01:07:31.560 [JavaFX Application Thread] DEBUG Servicios.ServicioBase                   - EntityManager cerrado
2026-03-26 01:07:31.560 [JavaFX Application Thread] DEBUG Servicios.ServicioBase                   - EntityManager abierto para lectura
2026-03-26 01:07:31.560 [JavaFX Application Thread] DEBUG Servicios.ServicioBase                   - EntityManager abierto para lectura
2026-03-26 01:07:31.563 [JavaFX Application Thread] DEBUG Servicios.ServicioBase                   - EntityManager cerrado
2026-03-26 01:07:31.563 [JavaFX Application Thread] DEBUG Servicios.ServicioBase                   - EntityManager cerrado
2026-03-26 01:07:37.455 [JavaFX Application Thread] DEBUG Servicios.ServicioBase                   - EntityManager abierto para lectura
2026-03-26 01:07:37.455 [JavaFX Application Thread] DEBUG Servicios.ServicioBase                   - EntityManager abierto para lectura
2026-03-26 01:07:37.455 [JavaFX Application Thread] DEBUG Servicios.ServicioBase                   - EntityManager abierto para lectura
2026-03-26 01:07:37.455 [JavaFX Application Thread] DEBUG Servicios.ServicioBase                   - EntityManager abierto para lectura
2026-03-26 01:07:37.462 [JavaFX Application Thread] DEBUG Servicios.ServicioBase                   - EntityManager cerrado
2026-03-26 01:07:37.462 [JavaFX Application Thread] DEBUG Servicios.ServicioBase                   - EntityManager cerrado
2026-03-26 01:07:37.462 [JavaFX Application Thread] DEBUG Servicios.ServicioBase                   - EntityManager cerrado
2026-03-26 01:07:37.462 [JavaFX Application Thread] DEBUG Servicios.ServicioBase                   - EntityManager cerrado
2026-03-26 01:07:39.135 [JavaFX Application Thread] DEBUG Servicios.ServicioBase                   - EntityManager abierto para lectura
2026-03-26 01:07:39.135 [JavaFX Application Thread] DEBUG Servicios.ServicioBase                   - EntityManager abierto para lectura
2026-03-26 01:07:39.139 [JavaFX Application Thread] DEBUG Servicios.ServicioBase                   - EntityManager cerrado
2026-03-26 01:07:39.139 [JavaFX Application Thread] DEBUG Servicios.ServicioBase                   - EntityManager cerrado
2026-03-26 01:07:39.139 [JavaFX Application Thread] DEBUG Servicios.ServicioBase                   - EntityManager abierto para lectura
2026-03-26 01:07:39.139 [JavaFX Application Thread] DEBUG Servicios.ServicioBase                   - EntityManager abierto para lectura
2026-03-26 01:07:39.142 [JavaFX Application Thread] DEBUG Servicios.ServicioBase                   - EntityManager abierto para lectura
2026-03-26 01:07:39.142 [JavaFX Application Thread] DEBUG Servicios.ServicioBase                   - EntityManager abierto para lectura
2026-03-26 01:07:39.147 [JavaFX Application Thread] DEBUG Servicios.ServicioBase                   - EntityManager cerrado
2026-03-26 01:07:39.147 [JavaFX Application Thread] DEBUG Servicios.ServicioBase                   - EntityManager cerrado
2026-03-26 01:07:39.147 [JavaFX Application Thread] DEBUG Servicios.ServicioBase                   - EntityManager cerrado
2026-03-26 01:07:39.147 [JavaFX Application Thread] DEBUG Servicios.ServicioBase                   - EntityManager cerrado
2026-03-26 01:07:39.147 [JavaFX Application Thread] DEBUG Servicios.ServicioGenerico               - Buscando Puesto por ID: 2
2026-03-26 01:07:39.147 [JavaFX Application Thread] DEBUG Servicios.ServicioGenerico               - Buscando Puesto por ID: 2
2026-03-26 01:07:39.147 [JavaFX Application Thread] DEBUG Servicios.ServicioBase                   - EntityManager abierto para lectura
2026-03-26 01:07:39.147 [JavaFX Application Thread] DEBUG Servicios.ServicioBase                   - EntityManager abierto para lectura
2026-03-26 01:07:39.149 [JavaFX Application Thread] DEBUG Servicios.ServicioGenerico               - Puesto encontrado con ID: 2
2026-03-26 01:07:39.149 [JavaFX Application Thread] DEBUG Servicios.ServicioGenerico               - Puesto encontrado con ID: 2
2026-03-26 01:07:39.150 [JavaFX Application Thread] DEBUG Servicios.ServicioBase                   - EntityManager cerrado
2026-03-26 01:07:39.150 [JavaFX Application Thread] DEBUG Servicios.ServicioBase                   - EntityManager cerrado
2026-03-26 01:07:39.150 [JavaFX Application Thread] DEBUG Servicios.ServicioBase                   - EntityManager abierto para lectura
2026-03-26 01:07:39.150 [JavaFX Application Thread] DEBUG Servicios.ServicioBase                   - EntityManager abierto para lectura
2026-03-26 01:07:39.152 [JavaFX Application Thread] DEBUG Servicios.ServicioBase                   - EntityManager abierto para lectura
2026-03-26 01:07:39.152 [JavaFX Application Thread] DEBUG Servicios.ServicioBase                   - EntityManager abierto para lectura
2026-03-26 01:07:39.153 [JavaFX Application Thread] DEBUG Servicios.ServicioBase                   - EntityManager cerrado
2026-03-26 01:07:39.153 [JavaFX Application Thread] DEBUG Servicios.ServicioBase                   - EntityManager cerrado
2026-03-26 01:07:39.153 [JavaFX Application Thread] DEBUG Servicios.ServicioBase                   - EntityManager cerrado
2026-03-26 01:07:39.153 [JavaFX Application Thread] DEBUG Servicios.ServicioBase                   - EntityManager cerrado
2026-03-26 01:07:39.153 [JavaFX Application Thread] DEBUG Servicios.ServicioGenerico               - Buscando Puesto por ID: 2
2026-03-26 01:07:39.153 [JavaFX Application Thread] DEBUG Servicios.ServicioGenerico               - Buscando Puesto por ID: 2
2026-03-26 01:07:39.154 [JavaFX Application Thread] DEBUG Servicios.ServicioBase                   - EntityManager abierto para lectura
2026-03-26 01:07:39.154 [JavaFX Application Thread] DEBUG Servicios.ServicioBase                   - EntityManager abierto para lectura
2026-03-26 01:07:39.155 [JavaFX Application Thread] DEBUG Servicios.ServicioGenerico               - Puesto encontrado con ID: 2
2026-03-26 01:07:39.155 [JavaFX Application Thread] DEBUG Servicios.ServicioGenerico               - Puesto encontrado con ID: 2
2026-03-26 01:07:39.156 [JavaFX Application Thread] DEBUG Servicios.ServicioBase                   - EntityManager cerrado
2026-03-26 01:07:39.156 [JavaFX Application Thread] DEBUG Servicios.ServicioBase                   - EntityManager cerrado
2026-03-26 01:07:39.156 [JavaFX Application Thread] DEBUG Servicios.ServicioGenerico               - Buscando todos los registros de Empresa
2026-03-26 01:07:39.156 [JavaFX Application Thread] DEBUG Servicios.ServicioGenerico               - Buscando todos los registros de Empresa
2026-03-26 01:07:39.156 [JavaFX Application Thread] DEBUG Servicios.ServicioBase                   - EntityManager abierto para lectura
2026-03-26 01:07:39.156 [JavaFX Application Thread] DEBUG Servicios.ServicioBase                   - EntityManager abierto para lectura
2026-03-26 01:07:39.162 [JavaFX Application Thread] DEBUG Servicios.ServicioGenerico               - Se encontraron 5 registros de Empresa
2026-03-26 01:07:39.162 [JavaFX Application Thread] DEBUG Servicios.ServicioGenerico               - Se encontraron 5 registros de Empresa
2026-03-26 01:07:39.162 [JavaFX Application Thread] DEBUG Servicios.ServicioBase                   - EntityManager cerrado
2026-03-26 01:07:39.162 [JavaFX Application Thread] DEBUG Servicios.ServicioBase                   - EntityManager cerrado
2026-03-26 01:07:39.162 [JavaFX Application Thread] DEBUG Servicios.ServicioBase                   - EntityManager abierto para lectura
2026-03-26 01:07:39.162 [JavaFX Application Thread] DEBUG Servicios.ServicioBase                   - EntityManager abierto para lectura
2026-03-26 01:07:39.166 [JavaFX Application Thread] DEBUG Servicios.ServicioBase                   - EntityManager cerrado
2026-03-26 01:07:39.166 [JavaFX Application Thread] DEBUG Servicios.ServicioBase                   - EntityManager cerrado
2026-03-26 01:07:42.742 [JavaFX Application Thread] DEBUG Servicios.ServicioBase                   - EntityManager abierto para lectura
2026-03-26 01:07:42.742 [JavaFX Application Thread] DEBUG Servicios.ServicioBase                   - EntityManager abierto para lectura
2026-03-26 01:07:42.746 [JavaFX Application Thread] DEBUG Servicios.ServicioBase                   - EntityManager cerrado
2026-03-26 01:07:42.746 [JavaFX Application Thread] DEBUG Servicios.ServicioBase                   - EntityManager cerrado
2026-03-26 01:07:42.747 [JavaFX Application Thread] DEBUG Servicios.ServicioBase                   - EntityManager abierto para lectura
2026-03-26 01:07:42.747 [JavaFX Application Thread] DEBUG Servicios.ServicioBase                   - EntityManager abierto para lectura
2026-03-26 01:07:42.753 [JavaFX Application Thread] DEBUG Servicios.ServicioBase                   - EntityManager cerrado
2026-03-26 01:07:42.753 [JavaFX Application Thread] DEBUG Servicios.ServicioBase                   - EntityManager cerrado
2026-03-26 01:07:44.693 [JavaFX Application Thread] DEBUG Servicios.ServicioBase                   - EntityManager abierto para lectura
2026-03-26 01:07:44.693 [JavaFX Application Thread] DEBUG Servicios.ServicioBase                   - EntityManager abierto para lectura
2026-03-26 01:07:44.697 [JavaFX Application Thread] DEBUG Servicios.ServicioBase                   - EntityManager cerrado
2026-03-26 01:07:44.697 [JavaFX Application Thread] DEBUG Servicios.ServicioBase                   - EntityManager cerrado
2026-03-26 01:07:45.870 [JavaFX Application Thread] DEBUG Servicios.ServicioBase                   - EntityManager abierto para lectura
2026-03-26 01:07:45.870 [JavaFX Application Thread] DEBUG Servicios.ServicioBase                   - EntityManager abierto para lectura
2026-03-26 01:07:45.874 [JavaFX Application Thread] DEBUG Servicios.ServicioBase                   - EntityManager cerrado
2026-03-26 01:07:45.874 [JavaFX Application Thread] DEBUG Servicios.ServicioBase                   - EntityManager cerrado
2026-03-26 01:07:47.001 [JavaFX Application Thread] DEBUG Servicios.ServicioBase                   - EntityManager abierto para lectura
2026-03-26 01:07:47.001 [JavaFX Application Thread] DEBUG Servicios.ServicioBase                   - EntityManager abierto para lectura
2026-03-26 01:07:47.004 [JavaFX Application Thread] DEBUG Servicios.ServicioBase                   - EntityManager cerrado
2026-03-26 01:07:47.004 [JavaFX Application Thread] DEBUG Servicios.ServicioBase                   - EntityManager cerrado
2026-03-26 01:07:48.590 [JavaFX Application Thread] DEBUG Servicios.ServicioBase                   - EntityManager abierto para lectura
2026-03-26 01:07:48.590 [JavaFX Application Thread] DEBUG Servicios.ServicioBase                   - EntityManager abierto para lectura
2026-03-26 01:07:48.592 [JavaFX Application Thread] DEBUG Servicios.ServicioBase                   - EntityManager cerrado
2026-03-26 01:07:48.592 [JavaFX Application Thread] DEBUG Servicios.ServicioBase                   - EntityManager cerrado
2026-03-26 01:07:50.455 [JavaFX Application Thread] DEBUG Servicios.ServicioBase                   - EntityManager abierto para lectura
2026-03-26 01:07:50.455 [JavaFX Application Thread] DEBUG Servicios.ServicioBase                   - EntityManager abierto para lectura
2026-03-26 01:07:50.458 [JavaFX Application Thread] DEBUG Servicios.ServicioBase                   - EntityManager cerrado
2026-03-26 01:07:50.458 [JavaFX Application Thread] DEBUG Servicios.ServicioBase                   - EntityManager cerrado
2026-03-26 01:07:51.839 [JavaFX Application Thread] DEBUG Servicios.ServicioBase                   - EntityManager abierto para lectura
2026-03-26 01:07:51.839 [JavaFX Application Thread] DEBUG Servicios.ServicioBase                   - EntityManager abierto para lectura
2026-03-26 01:07:51.841 [JavaFX Application Thread] DEBUG Servicios.ServicioBase                   - EntityManager cerrado
2026-03-26 01:07:51.841 [JavaFX Application Thread] DEBUG Servicios.ServicioBase                   - EntityManager cerrado
2026-03-26 01:07:53.191 [JavaFX Application Thread] DEBUG Servicios.ServicioBase                   - EntityManager abierto para lectura
2026-03-26 01:07:53.191 [JavaFX Application Thread] DEBUG Servicios.ServicioBase                   - EntityManager abierto para lectura
2026-03-26 01:07:53.195 [JavaFX Application Thread] DEBUG Servicios.ServicioBase                   - EntityManager cerrado
2026-03-26 01:07:53.195 [JavaFX Application Thread] DEBUG Servicios.ServicioBase                   - EntityManager cerrado
2026-03-26 01:07:56.210 [JavaFX Application Thread] DEBUG Servicios.ServicioBase                   - Transacción iniciada con nuevo EntityManager
2026-03-26 01:07:56.210 [JavaFX Application Thread] DEBUG Servicios.ServicioBase                   - Transacción iniciada con nuevo EntityManager
2026-03-26 01:07:56.222 [JavaFX Application Thread] DEBUG Servicios.ServicioBase                   - Transacción completada exitosamente
2026-03-26 01:07:56.222 [JavaFX Application Thread] DEBUG Servicios.ServicioBase                   - Transacción completada exitosamente
2026-03-26 01:07:56.222 [JavaFX Application Thread] DEBUG Servicios.ServicioBase                   - EntityManager cerrado
2026-03-26 01:07:56.222 [JavaFX Application Thread] DEBUG Servicios.ServicioBase                   - EntityManager cerrado
2026-03-26 01:07:56.223 [JavaFX Application Thread] DEBUG Servicios.ServicioBase                   - EntityManager abierto para lectura
2026-03-26 01:07:56.223 [JavaFX Application Thread] DEBUG Servicios.ServicioBase                   - EntityManager abierto para lectura
2026-03-26 01:07:56.228 [JavaFX Application Thread] DEBUG Servicios.ServicioBase                   - EntityManager cerrado
2026-03-26 01:07:56.228 [JavaFX Application Thread] DEBUG Servicios.ServicioBase                   - EntityManager cerrado
2026-03-26 01:07:56.228 [JavaFX Application Thread] DEBUG Servicios.ServicioBase                   - EntityManager abierto para lectura
2026-03-26 01:07:56.228 [JavaFX Application Thread] DEBUG Servicios.ServicioBase                   - EntityManager abierto para lectura
2026-03-26 01:07:56.233 [JavaFX Application Thread] DEBUG Servicios.ServicioBase                   - EntityManager cerrado
2026-03-26 01:07:56.233 [JavaFX Application Thread] DEBUG Servicios.ServicioBase                   - EntityManager cerrado
2026-03-26 01:07:56.233 [JavaFX Application Thread] DEBUG Servicios.ServicioBase                   - EntityManager abierto para lectura
2026-03-26 01:07:56.233 [JavaFX Application Thread] DEBUG Servicios.ServicioBase                   - EntityManager abierto para lectura
2026-03-26 01:07:56.236 [JavaFX Application Thread] DEBUG Servicios.ServicioBase                   - EntityManager cerrado
2026-03-26 01:07:56.236 [JavaFX Application Thread] DEBUG Servicios.ServicioBase                   - EntityManager cerrado
2026-03-26 01:07:56.236 [JavaFX Application Thread] DEBUG Servicios.ServicioBase                   - EntityManager abierto para lectura
2026-03-26 01:07:56.236 [JavaFX Application Thread] DEBUG Servicios.ServicioBase                   - EntityManager abierto para lectura
2026-03-26 01:07:56.238 [JavaFX Application Thread] DEBUG Servicios.ServicioBase                   - EntityManager abierto para lectura
2026-03-26 01:07:56.238 [JavaFX Application Thread] DEBUG Servicios.ServicioBase                   - EntityManager abierto para lectura
2026-03-26 01:07:56.242 [JavaFX Application Thread] DEBUG Servicios.ServicioBase                   - EntityManager cerrado
2026-03-26 01:07:56.242 [JavaFX Application Thread] DEBUG Servicios.ServicioBase                   - EntityManager cerrado
2026-03-26 01:07:56.242 [JavaFX Application Thread] DEBUG Servicios.ServicioBase                   - EntityManager cerrado
2026-03-26 01:07:56.242 [JavaFX Application Thread] DEBUG Servicios.ServicioBase                   - EntityManager cerrado
2026-03-26 01:07:56.242 [JavaFX Application Thread] DEBUG Servicios.ServicioGenerico               - Buscando Puesto por ID: 2
2026-03-26 01:07:56.242 [JavaFX Application Thread] DEBUG Servicios.ServicioGenerico               - Buscando Puesto por ID: 2
2026-03-26 01:07:56.242 [JavaFX Application Thread] DEBUG Servicios.ServicioBase                   - EntityManager abierto para lectura
2026-03-26 01:07:56.242 [JavaFX Application Thread] DEBUG Servicios.ServicioBase                   - EntityManager abierto para lectura
2026-03-26 01:07:56.244 [JavaFX Application Thread] DEBUG Servicios.ServicioGenerico               - Puesto encontrado con ID: 2
2026-03-26 01:07:56.244 [JavaFX Application Thread] DEBUG Servicios.ServicioGenerico               - Puesto encontrado con ID: 2
2026-03-26 01:07:56.244 [JavaFX Application Thread] DEBUG Servicios.ServicioBase                   - EntityManager cerrado
2026-03-26 01:07:56.244 [JavaFX Application Thread] DEBUG Servicios.ServicioBase                   - EntityManager cerrado
2026-03-26 01:07:56.244 [JavaFX Application Thread] DEBUG Servicios.ServicioBase                   - EntityManager abierto para lectura
2026-03-26 01:07:56.244 [JavaFX Application Thread] DEBUG Servicios.ServicioBase                   - EntityManager abierto para lectura
2026-03-26 01:07:56.246 [JavaFX Application Thread] DEBUG Servicios.ServicioBase                   - EntityManager abierto para lectura
2026-03-26 01:07:56.246 [JavaFX Application Thread] DEBUG Servicios.ServicioBase                   - EntityManager abierto para lectura
2026-03-26 01:07:56.247 [JavaFX Application Thread] DEBUG Servicios.ServicioBase                   - EntityManager cerrado
2026-03-26 01:07:56.247 [JavaFX Application Thread] DEBUG Servicios.ServicioBase                   - EntityManager cerrado
2026-03-26 01:07:56.247 [JavaFX Application Thread] DEBUG Servicios.ServicioBase                   - EntityManager cerrado
2026-03-26 01:07:56.247 [JavaFX Application Thread] DEBUG Servicios.ServicioBase                   - EntityManager cerrado
2026-03-26 01:07:56.247 [JavaFX Application Thread] DEBUG Servicios.ServicioGenerico               - Buscando Puesto por ID: 5
2026-03-26 01:07:56.247 [JavaFX Application Thread] DEBUG Servicios.ServicioGenerico               - Buscando Puesto por ID: 5
2026-03-26 01:07:56.247 [JavaFX Application Thread] DEBUG Servicios.ServicioBase                   - EntityManager abierto para lectura
2026-03-26 01:07:56.247 [JavaFX Application Thread] DEBUG Servicios.ServicioBase                   - EntityManager abierto para lectura
2026-03-26 01:07:56.249 [JavaFX Application Thread] DEBUG Servicios.ServicioGenerico               - Puesto encontrado con ID: 5
2026-03-26 01:07:56.249 [JavaFX Application Thread] DEBUG Servicios.ServicioGenerico               - Puesto encontrado con ID: 5
2026-03-26 01:07:56.249 [JavaFX Application Thread] DEBUG Servicios.ServicioBase                   - EntityManager cerrado
2026-03-26 01:07:56.249 [JavaFX Application Thread] DEBUG Servicios.ServicioBase                   - EntityManager cerrado
2026-03-26 01:07:56.249 [JavaFX Application Thread] DEBUG Servicios.ServicioGenerico               - Buscando todos los registros de Empresa
2026-03-26 01:07:56.249 [JavaFX Application Thread] DEBUG Servicios.ServicioGenerico               - Buscando todos los registros de Empresa
2026-03-26 01:07:56.249 [JavaFX Application Thread] DEBUG Servicios.ServicioBase                   - EntityManager abierto para lectura
2026-03-26 01:07:56.249 [JavaFX Application Thread] DEBUG Servicios.ServicioBase                   - EntityManager abierto para lectura
2026-03-26 01:07:56.255 [JavaFX Application Thread] DEBUG Servicios.ServicioGenerico               - Se encontraron 5 registros de Empresa
2026-03-26 01:07:56.255 [JavaFX Application Thread] DEBUG Servicios.ServicioGenerico               - Se encontraron 5 registros de Empresa
2026-03-26 01:07:56.255 [JavaFX Application Thread] DEBUG Servicios.ServicioBase                   - EntityManager cerrado
2026-03-26 01:07:56.255 [JavaFX Application Thread] DEBUG Servicios.ServicioBase                   - EntityManager cerrado
2026-03-26 01:07:56.255 [JavaFX Application Thread] DEBUG Servicios.ServicioBase                   - EntityManager abierto para lectura
2026-03-26 01:07:56.255 [JavaFX Application Thread] DEBUG Servicios.ServicioBase                   - EntityManager abierto para lectura
2026-03-26 01:07:56.256 [JavaFX Application Thread] DEBUG Servicios.ServicioBase                   - EntityManager cerrado
2026-03-26 01:07:56.256 [JavaFX Application Thread] DEBUG Servicios.ServicioBase                   - EntityManager cerrado
2026-03-26 01:07:56.257 [JavaFX Application Thread] DEBUG Servicios.ServicioBase                   - EntityManager abierto para lectura
2026-03-26 01:07:56.257 [JavaFX Application Thread] DEBUG Servicios.ServicioBase                   - EntityManager abierto para lectura
2026-03-26 01:07:56.260 [JavaFX Application Thread] DEBUG Servicios.ServicioBase                   - EntityManager cerrado
2026-03-26 01:07:56.260 [JavaFX Application Thread] DEBUG Servicios.ServicioBase                   - EntityManager cerrado
2026-03-26 01:07:56.260 [JavaFX Application Thread] DEBUG Servicios.ServicioBase                   - EntityManager abierto para lectura
2026-03-26 01:07:56.260 [JavaFX Application Thread] DEBUG Servicios.ServicioBase                   - EntityManager abierto para lectura
2026-03-26 01:07:56.264 [JavaFX Application Thread] DEBUG Servicios.ServicioBase                   - EntityManager cerrado
2026-03-26 01:07:56.264 [JavaFX Application Thread] DEBUG Servicios.ServicioBase                   - EntityManager cerrado
2026-03-26 01:07:59.829 [JavaFX Application Thread] DEBUG Servicios.ServicioBase                   - EntityManager abierto para lectura
2026-03-26 01:07:59.829 [JavaFX Application Thread] DEBUG Servicios.ServicioBase                   - EntityManager abierto para lectura
2026-03-26 01:07:59.829 [JavaFX Application Thread] DEBUG Servicios.ServicioBase                   - EntityManager abierto para lectura
2026-03-26 01:07:59.829 [JavaFX Application Thread] DEBUG Servicios.ServicioBase                   - EntityManager abierto para lectura
2026-03-26 01:07:59.834 [JavaFX Application Thread] DEBUG Servicios.ServicioBase                   - EntityManager cerrado
2026-03-26 01:07:59.834 [JavaFX Application Thread] DEBUG Servicios.ServicioBase                   - EntityManager cerrado
2026-03-26 01:07:59.834 [JavaFX Application Thread] DEBUG Servicios.ServicioBase                   - EntityManager cerrado
2026-03-26 01:07:59.834 [JavaFX Application Thread] DEBUG Servicios.ServicioBase                   - EntityManager cerrado
2026-03-26 01:08:06.027 [JavaFX Application Thread] DEBUG Servicios.ServicioBase                   - Transacción iniciada con nuevo EntityManager
2026-03-26 01:08:06.027 [JavaFX Application Thread] DEBUG Servicios.ServicioBase                   - Transacción iniciada con nuevo EntityManager
2026-03-26 01:08:06.035 [JavaFX Application Thread] DEBUG Servicios.ServicioBase                   - Transacción completada exitosamente
2026-03-26 01:08:06.035 [JavaFX Application Thread] DEBUG Servicios.ServicioBase                   - Transacción completada exitosamente
2026-03-26 01:08:06.035 [JavaFX Application Thread] DEBUG Servicios.ServicioBase                   - EntityManager cerrado
2026-03-26 01:08:06.035 [JavaFX Application Thread] DEBUG Servicios.ServicioBase                   - EntityManager cerrado
2026-03-26 01:08:07.383 [JavaFX Application Thread] DEBUG Servicios.ServicioBase                   - EntityManager abierto para lectura
2026-03-26 01:08:07.383 [JavaFX Application Thread] DEBUG Servicios.ServicioBase                   - EntityManager abierto para lectura
2026-03-26 01:08:07.383 [JavaFX Application Thread] DEBUG Servicios.ServicioBase                   - EntityManager abierto para lectura
2026-03-26 01:08:07.383 [JavaFX Application Thread] DEBUG Servicios.ServicioBase                   - EntityManager abierto para lectura
2026-03-26 01:08:07.389 [JavaFX Application Thread] DEBUG Servicios.ServicioBase                   - EntityManager cerrado
2026-03-26 01:08:07.389 [JavaFX Application Thread] DEBUG Servicios.ServicioBase                   - EntityManager cerrado
2026-03-26 01:08:07.389 [JavaFX Application Thread] DEBUG Servicios.ServicioBase                   - EntityManager cerrado
2026-03-26 01:08:07.389 [JavaFX Application Thread] DEBUG Servicios.ServicioBase                   - EntityManager cerrado
2026-03-26 10:57:27.110 [JavaFX Application Thread] DEBUG Servicios.ServicioBase                   - EntityManager abierto para lectura
2026-03-26 10:57:27.110 [JavaFX Application Thread] DEBUG Servicios.ServicioBase                   - EntityManager abierto para lectura
2026-03-26 10:57:27.214 [JavaFX Application Thread] DEBUG Servicios.ServicioBase                   - EntityManager cerrado
2026-03-26 10:57:27.214 [JavaFX Application Thread] DEBUG Servicios.ServicioBase                   - EntityManager cerrado
2026-03-26 10:57:27.215 [JavaFX Application Thread] DEBUG Servicios.ServicioBase                   - EntityManager abierto para lectura
2026-03-26 10:57:27.215 [JavaFX Application Thread] DEBUG Servicios.ServicioBase                   - EntityManager abierto para lectura
2026-03-26 10:57:27.219 [JavaFX Application Thread] DEBUG Servicios.ServicioBase                   - EntityManager abierto para lectura
2026-03-26 10:57:27.219 [JavaFX Application Thread] DEBUG Servicios.ServicioBase                   - EntityManager abierto para lectura
2026-03-26 10:57:27.246 [JavaFX Application Thread] DEBUG Servicios.ServicioBase                   - EntityManager cerrado
2026-03-26 10:57:27.246 [JavaFX Application Thread] DEBUG Servicios.ServicioBase                   - EntityManager cerrado
2026-03-26 10:57:27.246 [JavaFX Application Thread] DEBUG Servicios.ServicioBase                   - EntityManager cerrado
2026-03-26 10:57:27.246 [JavaFX Application Thread] DEBUG Servicios.ServicioBase                   - EntityManager cerrado
2026-03-26 10:57:27.246 [JavaFX Application Thread] DEBUG Servicios.ServicioGenerico               - Buscando Puesto por ID: 2
2026-03-26 10:57:27.246 [JavaFX Application Thread] DEBUG Servicios.ServicioGenerico               - Buscando Puesto por ID: 2
2026-03-26 10:57:27.247 [JavaFX Application Thread] DEBUG Servicios.ServicioBase                   - EntityManager abierto para lectura
2026-03-26 10:57:27.247 [JavaFX Application Thread] DEBUG Servicios.ServicioBase                   - EntityManager abierto para lectura
2026-03-26 10:57:27.249 [JavaFX Application Thread] DEBUG Servicios.ServicioGenerico               - Puesto encontrado con ID: 2
2026-03-26 10:57:27.249 [JavaFX Application Thread] DEBUG Servicios.ServicioGenerico               - Puesto encontrado con ID: 2
2026-03-26 10:57:27.250 [JavaFX Application Thread] DEBUG Servicios.ServicioBase                   - EntityManager cerrado
2026-03-26 10:57:27.250 [JavaFX Application Thread] DEBUG Servicios.ServicioBase                   - EntityManager cerrado
2026-03-26 10:57:27.250 [JavaFX Application Thread] DEBUG Servicios.ServicioBase                   - EntityManager abierto para lectura
2026-03-26 10:57:27.250 [JavaFX Application Thread] DEBUG Servicios.ServicioBase                   - EntityManager abierto para lectura
2026-03-26 10:57:27.252 [JavaFX Application Thread] DEBUG Servicios.ServicioBase                   - EntityManager abierto para lectura
2026-03-26 10:57:27.252 [JavaFX Application Thread] DEBUG Servicios.ServicioBase                   - EntityManager abierto para lectura
2026-03-26 10:57:27.256 [JavaFX Application Thread] DEBUG Servicios.ServicioBase                   - EntityManager cerrado
2026-03-26 10:57:27.256 [JavaFX Application Thread] DEBUG Servicios.ServicioBase                   - EntityManager cerrado
2026-03-26 10:57:27.256 [JavaFX Application Thread] DEBUG Servicios.ServicioBase                   - EntityManager cerrado
2026-03-26 10:57:27.256 [JavaFX Application Thread] DEBUG Servicios.ServicioBase                   - EntityManager cerrado
2026-03-26 10:57:27.256 [JavaFX Application Thread] DEBUG Servicios.ServicioGenerico               - Buscando Puesto por ID: 5
2026-03-26 10:57:27.256 [JavaFX Application Thread] DEBUG Servicios.ServicioGenerico               - Buscando Puesto por ID: 5
2026-03-26 10:57:27.256 [JavaFX Application Thread] DEBUG Servicios.ServicioBase                   - EntityManager abierto para lectura
2026-03-26 10:57:27.256 [JavaFX Application Thread] DEBUG Servicios.ServicioBase                   - EntityManager abierto para lectura
2026-03-26 10:57:27.259 [JavaFX Application Thread] DEBUG Servicios.ServicioGenerico               - Puesto encontrado con ID: 5
2026-03-26 10:57:27.259 [JavaFX Application Thread] DEBUG Servicios.ServicioGenerico               - Puesto encontrado con ID: 5
2026-03-26 10:57:27.259 [JavaFX Application Thread] DEBUG Servicios.ServicioBase                   - EntityManager cerrado
2026-03-26 10:57:27.259 [JavaFX Application Thread] DEBUG Servicios.ServicioBase                   - EntityManager cerrado
2026-03-26 10:57:27.259 [JavaFX Application Thread] DEBUG Servicios.ServicioBase                   - EntityManager abierto para lectura
2026-03-26 10:57:27.259 [JavaFX Application Thread] DEBUG Servicios.ServicioBase                   - EntityManager abierto para lectura
2026-03-26 10:57:27.263 [JavaFX Application Thread] DEBUG Servicios.ServicioBase                   - EntityManager abierto para lectura
2026-03-26 10:57:27.263 [JavaFX Application Thread] DEBUG Servicios.ServicioBase                   - EntityManager abierto para lectura
2026-03-26 10:57:27.266 [JavaFX Application Thread] DEBUG Servicios.ServicioBase                   - EntityManager cerrado
2026-03-26 10:57:27.266 [JavaFX Application Thread] DEBUG Servicios.ServicioBase                   - EntityManager cerrado
2026-03-26 10:57:27.266 [JavaFX Application Thread] DEBUG Servicios.ServicioBase                   - EntityManager cerrado
2026-03-26 10:57:27.266 [JavaFX Application Thread] DEBUG Servicios.ServicioBase                   - EntityManager cerrado
2026-03-26 10:57:27.266 [JavaFX Application Thread] DEBUG Servicios.ServicioGenerico               - Buscando Puesto por ID: 1
2026-03-26 10:57:27.266 [JavaFX Application Thread] DEBUG Servicios.ServicioGenerico               - Buscando Puesto por ID: 1
2026-03-26 10:57:27.266 [JavaFX Application Thread] DEBUG Servicios.ServicioBase                   - EntityManager abierto para lectura
2026-03-26 10:57:27.266 [JavaFX Application Thread] DEBUG Servicios.ServicioBase                   - EntityManager abierto para lectura
2026-03-26 10:57:27.268 [JavaFX Application Thread] DEBUG Servicios.ServicioGenerico               - Puesto encontrado con ID: 1
2026-03-26 10:57:27.268 [JavaFX Application Thread] DEBUG Servicios.ServicioGenerico               - Puesto encontrado con ID: 1
2026-03-26 10:57:27.268 [JavaFX Application Thread] DEBUG Servicios.ServicioBase                   - EntityManager cerrado
2026-03-26 10:57:27.268 [JavaFX Application Thread] DEBUG Servicios.ServicioBase                   - EntityManager cerrado
2026-03-26 10:57:27.269 [JavaFX Application Thread] DEBUG Servicios.ServicioGenerico               - Buscando todos los registros de Empresa
2026-03-26 10:57:27.269 [JavaFX Application Thread] DEBUG Servicios.ServicioGenerico               - Buscando todos los registros de Empresa
2026-03-26 10:57:27.269 [JavaFX Application Thread] DEBUG Servicios.ServicioBase                   - EntityManager abierto para lectura
2026-03-26 10:57:27.269 [JavaFX Application Thread] DEBUG Servicios.ServicioBase                   - EntityManager abierto para lectura
2026-03-26 10:57:27.282 [JavaFX Application Thread] DEBUG Servicios.ServicioGenerico               - Se encontraron 5 registros de Empresa
2026-03-26 10:57:27.282 [JavaFX Application Thread] DEBUG Servicios.ServicioGenerico               - Se encontraron 5 registros de Empresa
2026-03-26 10:57:27.282 [JavaFX Application Thread] DEBUG Servicios.ServicioBase                   - EntityManager cerrado
2026-03-26 10:57:27.282 [JavaFX Application Thread] DEBUG Servicios.ServicioBase                   - EntityManager cerrado
2026-03-26 10:57:27.283 [JavaFX Application Thread] DEBUG Servicios.ServicioBase                   - EntityManager abierto para lectura
2026-03-26 10:57:27.283 [JavaFX Application Thread] DEBUG Servicios.ServicioBase                   - EntityManager abierto para lectura
2026-03-26 10:57:27.290 [JavaFX Application Thread] DEBUG Servicios.ServicioBase                   - EntityManager cerrado
2026-03-26 10:57:27.290 [JavaFX Application Thread] DEBUG Servicios.ServicioBase                   - EntityManager cerrado
2026-03-26 10:57:27.519 [JavaFX Application Thread] DEBUG Servicios.ServicioBase                   - EntityManager abierto para lectura
2026-03-26 10:57:27.519 [JavaFX Application Thread] DEBUG Servicios.ServicioBase                   - EntityManager abierto para lectura
2026-03-26 10:57:27.520 [JavaFX Application Thread] DEBUG Servicios.ServicioBase                   - EntityManager abierto para lectura
2026-03-26 10:57:27.520 [JavaFX Application Thread] DEBUG Servicios.ServicioBase                   - EntityManager abierto para lectura
2026-03-26 10:57:27.536 [JavaFX Application Thread] DEBUG Servicios.ServicioBase                   - EntityManager cerrado
2026-03-26 10:57:27.536 [JavaFX Application Thread] DEBUG Servicios.ServicioBase                   - EntityManager cerrado
2026-03-26 10:57:27.536 [JavaFX Application Thread] DEBUG Servicios.ServicioBase                   - EntityManager cerrado
2026-03-26 10:57:27.536 [JavaFX Application Thread] DEBUG Servicios.ServicioBase                   - EntityManager cerrado
2026-03-26 10:57:29.601 [JavaFX Application Thread] DEBUG Servicios.ServicioGenerico               - Buscando Usuario por ID: 1
2026-03-26 10:57:29.601 [JavaFX Application Thread] DEBUG Servicios.ServicioGenerico               - Buscando Usuario por ID: 1
2026-03-26 10:57:29.601 [JavaFX Application Thread] DEBUG Servicios.ServicioBase                   - EntityManager abierto para lectura
2026-03-26 10:57:29.601 [JavaFX Application Thread] DEBUG Servicios.ServicioBase                   - EntityManager abierto para lectura
2026-03-26 10:57:29.604 [JavaFX Application Thread] DEBUG Servicios.ServicioGenerico               - Usuario encontrado con ID: 1
2026-03-26 10:57:29.604 [JavaFX Application Thread] DEBUG Servicios.ServicioGenerico               - Usuario encontrado con ID: 1
2026-03-26 10:57:29.605 [JavaFX Application Thread] DEBUG Servicios.ServicioBase                   - EntityManager cerrado
2026-03-26 10:57:29.605 [JavaFX Application Thread] DEBUG Servicios.ServicioBase                   - EntityManager cerrado
2026-03-26 10:57:29.605 [JavaFX Application Thread] DEBUG Servicios.ServicioBase                   - EntityManager abierto para lectura
2026-03-26 10:57:29.605 [JavaFX Application Thread] DEBUG Servicios.ServicioBase                   - EntityManager abierto para lectura
2026-03-26 10:57:29.607 [JavaFX Application Thread] DEBUG Servicios.ServicioBase                   - EntityManager cerrado
2026-03-26 10:57:29.607 [JavaFX Application Thread] DEBUG Servicios.ServicioBase                   - EntityManager cerrado
2026-03-26 11:06:11.768 [JavaFX Application Thread] DEBUG Servicios.ServicioBase                   - EntityManager abierto para lectura
2026-03-26 11:06:11.768 [JavaFX Application Thread] DEBUG Servicios.ServicioBase                   - EntityManager abierto para lectura
2026-03-26 11:06:11.769 [JavaFX Application Thread] DEBUG Servicios.ServicioBase                   - EntityManager abierto para lectura
2026-03-26 11:06:11.769 [JavaFX Application Thread] DEBUG Servicios.ServicioBase                   - EntityManager abierto para lectura
2026-03-26 11:06:11.880 [JavaFX Application Thread] DEBUG Servicios.ServicioBase                   - EntityManager cerrado
2026-03-26 11:06:11.880 [JavaFX Application Thread] DEBUG Servicios.ServicioBase                   - EntityManager cerrado
2026-03-26 11:06:11.880 [JavaFX Application Thread] DEBUG Servicios.ServicioBase                   - EntityManager cerrado
2026-03-26 11:06:11.880 [JavaFX Application Thread] DEBUG Servicios.ServicioBase                   - EntityManager cerrado
2026-03-26 11:06:13.036 [JavaFX Application Thread] DEBUG Servicios.ServicioGenerico               - Buscando Usuario por ID: 1
2026-03-26 11:06:13.036 [JavaFX Application Thread] DEBUG Servicios.ServicioGenerico               - Buscando Usuario por ID: 1
2026-03-26 11:06:13.037 [JavaFX Application Thread] DEBUG Servicios.ServicioBase                   - EntityManager abierto para lectura
2026-03-26 11:06:13.037 [JavaFX Application Thread] DEBUG Servicios.ServicioBase                   - EntityManager abierto para lectura
2026-03-26 11:06:13.042 [JavaFX Application Thread] DEBUG Servicios.ServicioGenerico               - Usuario encontrado con ID: 1
2026-03-26 11:06:13.042 [JavaFX Application Thread] DEBUG Servicios.ServicioGenerico               - Usuario encontrado con ID: 1
2026-03-26 11:06:13.042 [JavaFX Application Thread] DEBUG Servicios.ServicioBase                   - EntityManager cerrado
2026-03-26 11:06:13.042 [JavaFX Application Thread] DEBUG Servicios.ServicioBase                   - EntityManager cerrado
2026-03-26 11:06:13.042 [JavaFX Application Thread] DEBUG Servicios.ServicioBase                   - EntityManager abierto para lectura
2026-03-26 11:06:13.042 [JavaFX Application Thread] DEBUG Servicios.ServicioBase                   - EntityManager abierto para lectura
2026-03-26 11:06:13.045 [JavaFX Application Thread] DEBUG Servicios.ServicioBase                   - EntityManager cerrado
2026-03-26 11:06:13.045 [JavaFX Application Thread] DEBUG Servicios.ServicioBase                   - EntityManager cerrado
2026-03-26 11:11:28.546 [JavaFX Application Thread] DEBUG Servicios.ServicioBase                   - EntityManager abierto para lectura
2026-03-26 11:11:28.546 [JavaFX Application Thread] DEBUG Servicios.ServicioBase                   - EntityManager abierto para lectura
2026-03-26 11:11:28.547 [JavaFX Application Thread] DEBUG Servicios.ServicioBase                   - EntityManager abierto para lectura
2026-03-26 11:11:28.547 [JavaFX Application Thread] DEBUG Servicios.ServicioBase                   - EntityManager abierto para lectura
2026-03-26 11:11:28.655 [JavaFX Application Thread] DEBUG Servicios.ServicioBase                   - EntityManager cerrado
2026-03-26 11:11:28.655 [JavaFX Application Thread] DEBUG Servicios.ServicioBase                   - EntityManager cerrado
2026-03-26 11:11:28.655 [JavaFX Application Thread] DEBUG Servicios.ServicioBase                   - EntityManager cerrado
2026-03-26 11:11:28.655 [JavaFX Application Thread] DEBUG Servicios.ServicioBase                   - EntityManager cerrado
2026-03-26 11:11:30.848 [JavaFX Application Thread] DEBUG Servicios.ServicioBase                   - Transacción iniciada con nuevo EntityManager
2026-03-26 11:11:30.848 [JavaFX Application Thread] DEBUG Servicios.ServicioBase                   - Transacción iniciada con nuevo EntityManager
2026-03-26 11:11:30.915 [JavaFX Application Thread] DEBUG Servicios.ServicioBase                   - Transacción completada exitosamente
2026-03-26 11:11:30.915 [JavaFX Application Thread] DEBUG Servicios.ServicioBase                   - Transacción completada exitosamente
2026-03-26 11:11:30.915 [JavaFX Application Thread] DEBUG Servicios.ServicioBase                   - EntityManager cerrado
2026-03-26 11:11:30.915 [JavaFX Application Thread] DEBUG Servicios.ServicioBase                   - EntityManager cerrado
2026-03-26 11:11:32.038 [JavaFX Application Thread] DEBUG Servicios.ServicioBase                   - EntityManager abierto para lectura
2026-03-26 11:11:32.038 [JavaFX Application Thread] DEBUG Servicios.ServicioBase                   - EntityManager abierto para lectura
2026-03-26 11:11:32.038 [JavaFX Application Thread] DEBUG Servicios.ServicioBase                   - EntityManager abierto para lectura
2026-03-26 11:11:32.038 [JavaFX Application Thread] DEBUG Servicios.ServicioBase                   - EntityManager abierto para lectura
2026-03-26 11:11:32.051 [JavaFX Application Thread] DEBUG Servicios.ServicioBase                   - EntityManager cerrado
2026-03-26 11:11:32.051 [JavaFX Application Thread] DEBUG Servicios.ServicioBase                   - EntityManager cerrado
2026-03-26 11:11:32.051 [JavaFX Application Thread] DEBUG Servicios.ServicioBase                   - EntityManager cerrado
2026-03-26 11:11:32.051 [JavaFX Application Thread] DEBUG Servicios.ServicioBase                   - EntityManager cerrado
2026-03-26 11:11:33.097 [Thread-6       ] DEBUG Servicios.ServicioBase                   - EntityManager abierto para lectura
2026-03-26 11:11:33.097 [Thread-6       ] DEBUG Servicios.ServicioBase                   - EntityManager abierto para lectura
2026-03-26 11:11:33.097 [Thread-5       ] DEBUG Servicios.ServicioBase                   - EntityManager abierto para lectura
2026-03-26 11:11:33.097 [Thread-5       ] DEBUG Servicios.ServicioBase                   - EntityManager abierto para lectura
2026-03-26 11:11:33.108 [Thread-5       ] DEBUG Servicios.ServicioBase                   - EntityManager cerrado
2026-03-26 11:11:33.108 [Thread-5       ] DEBUG Servicios.ServicioBase                   - EntityManager cerrado
2026-03-26 11:11:33.134 [Thread-6       ] DEBUG Servicios.ServicioBase                   - EntityManager cerrado
2026-03-26 11:11:33.134 [Thread-6       ] DEBUG Servicios.ServicioBase                   - EntityManager cerrado
2026-03-26 11:11:35.653 [JavaFX Application Thread] DEBUG Servicios.ServicioBase                   - EntityManager abierto para lectura
2026-03-26 11:11:35.653 [JavaFX Application Thread] DEBUG Servicios.ServicioBase                   - EntityManager abierto para lectura
2026-03-26 11:11:35.657 [JavaFX Application Thread] DEBUG Servicios.ServicioBase                   - EntityManager abierto para lectura
2026-03-26 11:11:35.657 [JavaFX Application Thread] DEBUG Servicios.ServicioBase                   - EntityManager abierto para lectura
2026-03-26 11:11:35.666 [JavaFX Application Thread] DEBUG Servicios.ServicioBase                   - EntityManager cerrado
2026-03-26 11:11:35.666 [JavaFX Application Thread] DEBUG Servicios.ServicioBase                   - EntityManager cerrado
2026-03-26 11:11:35.666 [JavaFX Application Thread] DEBUG Servicios.ServicioBase                   - EntityManager cerrado
2026-03-26 11:11:35.666 [JavaFX Application Thread] DEBUG Servicios.ServicioBase                   - EntityManager cerrado
2026-03-26 11:11:35.667 [JavaFX Application Thread] DEBUG Servicios.ServicioBase                   - Transacción iniciada con nuevo EntityManager
2026-03-26 11:11:35.667 [JavaFX Application Thread] DEBUG Servicios.ServicioBase                   - Transacción iniciada con nuevo EntityManager
2026-03-26 11:11:35.718 [JavaFX Application Thread] DEBUG Servicios.ServicioBase                   - Transacción completada exitosamente
2026-03-26 11:11:35.718 [JavaFX Application Thread] DEBUG Servicios.ServicioBase                   - Transacción completada exitosamente
2026-03-26 11:11:35.718 [JavaFX Application Thread] DEBUG Servicios.ServicioBase                   - EntityManager cerrado
2026-03-26 11:11:35.718 [JavaFX Application Thread] DEBUG Servicios.ServicioBase                   - EntityManager cerrado
2026-03-26 11:11:44.053 [JavaFX Application Thread] DEBUG Servicios.ServicioBase                   - EntityManager abierto para lectura
2026-03-26 11:11:44.053 [JavaFX Application Thread] DEBUG Servicios.ServicioBase                   - EntityManager abierto para lectura
2026-03-26 11:11:44.053 [JavaFX Application Thread] DEBUG Servicios.ServicioBase                   - EntityManager abierto para lectura
2026-03-26 11:11:44.053 [JavaFX Application Thread] DEBUG Servicios.ServicioBase                   - EntityManager abierto para lectura
2026-03-26 11:11:44.064 [JavaFX Application Thread] DEBUG Servicios.ServicioBase                   - EntityManager cerrado
2026-03-26 11:11:44.064 [JavaFX Application Thread] DEBUG Servicios.ServicioBase                   - EntityManager cerrado
2026-03-26 11:11:44.064 [JavaFX Application Thread] DEBUG Servicios.ServicioBase                   - EntityManager cerrado
2026-03-26 11:11:44.064 [JavaFX Application Thread] DEBUG Servicios.ServicioBase                   - EntityManager cerrado
2026-03-26 11:25:59.049 [JavaFX Application Thread] DEBUG Servicios.ServicioBase                   - EntityManager abierto para lectura
2026-03-26 11:25:59.049 [JavaFX Application Thread] DEBUG Servicios.ServicioBase                   - EntityManager abierto para lectura
2026-03-26 11:25:59.050 [JavaFX Application Thread] DEBUG Servicios.ServicioBase                   - EntityManager abierto para lectura
2026-03-26 11:25:59.050 [JavaFX Application Thread] DEBUG Servicios.ServicioBase                   - EntityManager abierto para lectura
2026-03-26 11:25:59.168 [JavaFX Application Thread] DEBUG Servicios.ServicioBase                   - EntityManager cerrado
2026-03-26 11:25:59.168 [JavaFX Application Thread] DEBUG Servicios.ServicioBase                   - EntityManager cerrado
2026-03-26 11:25:59.170 [JavaFX Application Thread] DEBUG Servicios.ServicioBase                   - EntityManager cerrado
2026-03-26 11:25:59.170 [JavaFX Application Thread] DEBUG Servicios.ServicioBase                   - EntityManager cerrado
2026-03-26 11:26:01.358 [JavaFX Application Thread] DEBUG Servicios.ServicioGenerico               - Buscando Usuario por ID: 1
2026-03-26 11:26:01.358 [JavaFX Application Thread] DEBUG Servicios.ServicioGenerico               - Buscando Usuario por ID: 1
2026-03-26 11:26:01.360 [JavaFX Application Thread] DEBUG Servicios.ServicioBase                   - EntityManager abierto para lectura
2026-03-26 11:26:01.360 [JavaFX Application Thread] DEBUG Servicios.ServicioBase                   - EntityManager abierto para lectura
2026-03-26 11:26:01.365 [JavaFX Application Thread] DEBUG Servicios.ServicioGenerico               - Usuario encontrado con ID: 1
2026-03-26 11:26:01.365 [JavaFX Application Thread] DEBUG Servicios.ServicioGenerico               - Usuario encontrado con ID: 1
2026-03-26 11:26:01.365 [JavaFX Application Thread] DEBUG Servicios.ServicioBase                   - EntityManager cerrado
2026-03-26 11:26:01.365 [JavaFX Application Thread] DEBUG Servicios.ServicioBase                   - EntityManager cerrado
2026-03-26 11:26:01.365 [JavaFX Application Thread] DEBUG Servicios.ServicioBase                   - EntityManager abierto para lectura
2026-03-26 11:26:01.365 [JavaFX Application Thread] DEBUG Servicios.ServicioBase                   - EntityManager abierto para lectura
2026-03-26 11:26:01.371 [JavaFX Application Thread] DEBUG Servicios.ServicioBase                   - EntityManager cerrado
2026-03-26 11:26:01.371 [JavaFX Application Thread] DEBUG Servicios.ServicioBase                   - EntityManager cerrado
